\BOOKMARK [-1][-]{part.1}{\376\377\000I\000\040\000G\000r\000u\000n\000d\000l\000a\000g\000e\000n}{}% 1
\BOOKMARK [0][-]{chapter.1}{\376\377\000E\000i\000n\000l\000e\000i\000t\000u\000n\000g\000\040}{part.1}% 2
\BOOKMARK [1][-]{section.1.1}{\376\377\000D\000i\000e\000\040\000f\000r\000\374\000h\000e\000\040\000E\000n\000t\000w\000i\000c\000k\000l\000u\000n\000g\000\040\000d\000e\000r\000\040\000A\000n\000a\000l\000y\000s\000i\000s\000\040}{chapter.1}% 3
\BOOKMARK [2][-]{subsection.1.1.1}{\376\377\000F\000r\000\374\000h\000e\000\040\000V\000o\000r\000l\000\344\000u\000f\000e\000r\000\040}{section.1.1}% 4
\BOOKMARK [2][-]{subsection.1.1.2}{\376\377\000N\000e\000w\000t\000o\000n\000s\000\040\000F\000l\000u\000x\000i\000o\000n\000e\000n\000\040}{section.1.1}% 5
\BOOKMARK [2][-]{subsection.1.1.3}{\376\377\000D\000i\000e\000\040\000N\000o\000t\000a\000t\000i\000o\000n\000\040\000v\000o\000n\000\040\000L\000e\000i\000b\000n\000i\000z\000\040}{section.1.1}% 6
\BOOKMARK [1][-]{section.1.2}{\376\377\000D\000e\000r\000\040\000D\000i\000f\000f\000e\000r\000e\000n\000t\000i\000a\000l\000k\000a\000l\000k\000\374\000l}{chapter.1}% 7
\BOOKMARK [2][-]{subsection.1.2.1}{\376\377\000E\000u\000l\000e\000r\000s\000\040\000E\000i\000n\000f\000\374\000h\000r\000u\000n\000g\000\040\000i\000n\000\040\000d\000i\000e\000\040\000A\000n\000a\000l\000y\000s\000i\000s}{section.1.2}% 8
\BOOKMARK [2][-]{subsection.1.2.2}{\376\377\000D\000i\000e\000\040\000R\000e\000c\000h\000e\000n\000r\000e\000g\000e\000l\000n\000\040\000d\000e\000r\000\040\000k\000l\000a\000s\000s\000i\000s\000c\000h\000e\000n\000\040\000I\000n\000f\000i\000n\000i\000t\000e\000s\000i\000m\000a\000l\000r\000e\000c\000h\000n\000u\000n\000g}{section.1.2}% 9
\BOOKMARK [1][-]{section.1.3}{\376\377\000D\000a\000s\000\040\000m\000o\000d\000e\000r\000n\000e\000\040\000F\000u\000n\000d\000a\000m\000e\000n\000t}{chapter.1}% 10
\BOOKMARK [2][-]{subsection.1.3.1}{\376\377\000D\000e\000r\000\040\000F\000u\000n\000k\000t\000i\000o\000n\000s\000b\000e\000g\000r\000i\000f\000f\000\040}{section.1.3}% 11
\BOOKMARK [2][-]{subsection.1.3.2}{\376\377\000K\000o\000n\000v\000e\000r\000g\000e\000n\000z\000\040\000u\000n\000d\000\040\000G\000r\000e\000n\000z\000w\000e\000r\000t}{section.1.3}% 12
\BOOKMARK [2][-]{subsection.1.3.3}{\376\377\000I\000n\000t\000e\000g\000r\000a\000l}{section.1.3}% 13
\BOOKMARK [2][-]{subsection.1.3.4}{\376\377\000N\000i\000c\000h\000t\000s\000t\000a\000n\000d\000a\000r\000d\000-\000A\000n\000a\000l\000y\000s\000i\000s}{section.1.3}% 14
\BOOKMARK [1][-]{section.1.4}{\376\377\000C\000o\000m\000p\000u\000t\000e\000r\000a\000l\000g\000e\000b\000r\000a\000\040\000u\000n\000d\000\040\000d\000i\000e\000\040\000R\000e\000n\000a\000i\000s\000s\000a\000n\000c\000e\000\040\000d\000e\000r\000\040\000A\000l\000g\000e\000b\000r\000a}{chapter.1}% 15
\BOOKMARK [2][-]{subsection.1.4.1}{\376\377\000D\000a\000s\000\040\000P\000r\000o\000b\000l\000e\000m\000\040\000d\000e\000r\000\040\000I\000n\000t\000e\000g\000r\000a\000t\000i\000o\000n\000\040\000i\000n\000\040\000g\000e\000s\000c\000h\000l\000o\000s\000s\000e\000n\000e\000r\000\040\000F\000o\000r\000m}{section.1.4}% 16
\BOOKMARK [2][-]{subsection.1.4.2}{\376\377\000D\000a\000s\000\040\000L\000i\000o\000u\000v\000i\000l\000l\000e\000-\000P\000r\000i\000n\000z\000i\000p}{section.1.4}% 17
\BOOKMARK [2][-]{subsection.1.4.3}{\376\377\000C\000o\000m\000p\000u\000t\000e\000r\000a\000l\000g\000e\000b\000r\000a\000\040\000u\000n\000d\000\040\000d\000e\000r\000\040\000A\000l\000g\000o\000r\000i\000t\000h\000m\000u\000s\000\040\000v\000o\000n\000\040\000R\000i\000s\000c\000h}{section.1.4}% 18
\BOOKMARK [2][-]{subsection.1.4.4}{\376\377\000E\000r\000w\000e\000i\000t\000e\000r\000t\000e\000\040\000M\000e\000t\000h\000o\000d\000e\000n}{section.1.4}% 19
\BOOKMARK [2][-]{subsection.1.4.5}{\376\377\000A\000l\000g\000e\000b\000r\000a\000\040\000u\000n\000d\000\040\000A\000n\000a\000l\000y\000s\000i\000s}{section.1.4}% 20
\BOOKMARK [0][-]{chapter.2}{\376\377\000K\000o\000m\000p\000l\000e\000x\000e\000\040\000Z\000a\000h\000l\000e\000n\000\040\000u\000n\000d\000\040\000F\000u\000n\000k\000t\000i\000o\000n\000e\000n\000\040}{part.1}% 21
\BOOKMARK [1][-]{section.2.1}{\376\377\000K\000o\000m\000p\000l\000e\000x\000e\000\040\000Z\000a\000h\000l\000e\000n\000\040}{chapter.2}% 22
\BOOKMARK [2][-]{subsection.2.1.1}{\376\377\000E\000r\000w\000e\000i\000t\000e\000r\000u\000n\000g\000\040\000v\000o\000n\000\040\000Q\000\040\000d\000u\000r\000c\000h\000\040\000d\000i\000e\000\040\000r\000e\000e\000l\000l\000e\000n\000\040\000Z\000a\000h\000l\000e\000n}{section.2.1}% 23
\BOOKMARK [2][-]{subsection.2.1.2}{\376\377\000A\000l\000g\000e\000b\000r\000a\000i\000s\000c\000h\000e\000\040\000E\000r\000w\000e\000i\000t\000e\000r\000u\000n\000g\000e\000n\000\040\000v\000o\000n\000\040\000Q}{section.2.1}% 24
\BOOKMARK [2][-]{subsection.2.1.3}{\376\377\000D\000e\000r\000\040\000K\000\366\000r\000p\000e\000r\000\040\000d\000e\000r\000\040\000k\000o\000m\000p\000l\000e\000x\000e\000n\000\040\000Z\000a\000h\000l\000e\000n}{section.2.1}% 25
\BOOKMARK [2][-]{subsection.2.1.4}{\376\377\000M\000a\000t\000r\000i\000x\000s\000c\000h\000r\000e\000i\000b\000w\000e\000i\000s\000e\000\040\000f\000\374\000r\000\040\000k\000o\000m\000p\000l\000e\000x\000e\000\040\000Z\000a\000h\000l\000e\000n\000\040}{section.2.1}% 26
\BOOKMARK [2][-]{subsection.2.1.5}{\376\377\000G\000e\000o\000m\000e\000t\000r\000i\000s\000c\000h\000e\000\040\000B\000e\000s\000c\000h\000r\000e\000i\000b\000u\000n\000g\000\040\000d\000e\000r\000\040\000R\000e\000c\000h\000e\000n\000o\000p\000e\000r\000a\000t\000i\000o\000n\000e\000n\000\040\000i\000n\000\040\000C}{section.2.1}% 27
\BOOKMARK [2][-]{subsection.2.1.6}{\376\377\000Q\000u\000a\000t\000e\000r\000n\000i\000o\000n\000e\000n}{section.2.1}% 28
\BOOKMARK [1][-]{section.2.2}{\376\377\000K\000o\000m\000p\000l\000e\000x\000e\000\040\000F\000u\000n\000k\000t\000i\000o\000n\000e\000n\000\040}{chapter.2}% 29
\BOOKMARK [2][-]{subsection.2.2.1}{\376\377\000K\000o\000m\000p\000l\000e\000x\000e\000\040\000F\000u\000n\000k\000t\000i\000o\000n\000e\000n\000\040\000a\000l\000s\000\040\000A\000b\000b\000i\000l\000d\000u\000n\000g\000e\000n}{section.2.2}% 30
\BOOKMARK [2][-]{subsection.2.2.2}{\376\377\000P\000o\000l\000y\000n\000o\000m\000e\000,\000\040\000r\000a\000t\000i\000o\000n\000a\000l\000e\000\040\000u\000n\000d\000\040\000a\000l\000g\000e\000b\000r\000a\000i\000s\000c\000h\000e\000\040\000F\000u\000n\000k\000t\000i\000o\000n\000e\000n}{section.2.2}% 31
\BOOKMARK [2][-]{subsection.2.2.3}{\376\377\000P\000o\000t\000e\000n\000z\000r\000e\000i\000h\000e\000n\000\040}{section.2.2}% 32
\BOOKMARK [1][-]{section.2.3}{\376\377\000D\000e\000r\000\040\000F\000u\000n\000d\000a\000m\000e\000n\000t\000a\000l\000s\000a\000t\000z\000\040\000d\000e\000r\000\040\000A\000l\000g\000e\000b\000r\000a\000\040}{chapter.2}% 33
\BOOKMARK [2][-]{subsection.2.3.1}{\376\377\000N\000u\000l\000l\000s\000t\000e\000l\000l\000e\000n\000\040\000v\000o\000n\000\040\000P\000o\000l\000y\000n\000o\000m\000e\000n\000\040\000\374\000b\000e\000r\000\040\000C}{section.2.3}% 34
\BOOKMARK [2][-]{subsection.2.3.2}{\376\377\000N\000u\000l\000l\000s\000t\000e\000l\000l\000e\000n\000\040\000v\000o\000n\000\040\000P\000o\000l\000y\000n\000o\000m\000e\000n\000\040\000\374\000b\000e\000r\000\040\000Q}{section.2.3}% 35
\BOOKMARK [1][-]{section.2.4}{\376\377\000S\000y\000m\000m\000e\000t\000r\000i\000s\000c\000h\000e\000\040\000P\000o\000l\000y\000n\000o\000m\000e}{chapter.2}% 36
\BOOKMARK [2][-]{subsection.2.4.1}{\376\377\000E\000l\000e\000m\000e\000n\000t\000a\000r\000s\000y\000m\000m\000e\000t\000r\000i\000s\000c\000h\000e\000\040\000P\000o\000l\000y\000n\000o\000m\000e\000\040\000u\000n\000d\000\040\000d\000e\000r\000\040\000F\000u\000n\000d\000a\000m\000e\000n\000t\000a\000l\000s\000a\000t\000z}{section.2.4}% 37
\BOOKMARK [2][-]{subsection.2.4.2}{\376\377\000M\000a\000t\000r\000i\000x\000d\000a\000r\000s\000t\000e\000l\000l\000u\000n\000g\000\040\000a\000l\000g\000e\000b\000r\000a\000i\000s\000c\000h\000e\000r\000\040\000E\000l\000e\000m\000e\000n\000t\000e}{section.2.4}% 38
\BOOKMARK [1][-]{satz.2.79}{\376\377\000\334\000b\000u\000n\000g\000s\000a\000u\000f\000g\000a\000b\000e\000n}{chapter.2}% 39
\BOOKMARK [0][-]{chapter.3}{\376\377\000H\000o\000l\000o\000m\000o\000r\000p\000h\000e\000\040\000F\000u\000n\000k\000t\000i\000o\000n\000e\000n\000\040}{part.1}% 40
\BOOKMARK [1][-]{section.3.1}{\376\377\000H\000o\000l\000o\000m\000o\000r\000p\000h\000e\000\040\000F\000u\000n\000k\000t\000i\000o\000n\000e\000n\000\040}{chapter.3}% 41
\BOOKMARK [2][-]{subsection.3.1.1}{\376\377\000K\000o\000m\000p\000l\000e\000x\000e\000\040\000D\000i\000f\000f\000e\000r\000e\000n\000z\000i\000e\000r\000b\000a\000r\000k\000e\000i\000t\000\040}{section.3.1}% 42
\BOOKMARK [2][-]{subsection.3.1.2}{\376\377\000C\000a\000u\000c\000h\000y\000-\000R\000i\000e\000m\000a\000n\000n\000-\000D\000i\000f\000f\000e\000r\000e\000n\000t\000i\000a\000l\000g\000l\000e\000i\000c\000h\000u\000n\000g}{section.3.1}% 43
\BOOKMARK [2][-]{subsection.3.1.3}{\376\377\000P\000o\000l\000y\000n\000o\000m\000e}{section.3.1}% 44
\BOOKMARK [2][-]{subsection.3.1.4}{\376\377\000P\000o\000t\000e\000n\000z\000r\000e\000i\000h\000e\000n\000\040}{section.3.1}% 45
\BOOKMARK [1][-]{section.3.2}{\376\377\000G\000e\000o\000m\000e\000t\000r\000i\000s\000c\000h\000e\000\040\000E\000i\000g\000e\000n\000s\000c\000h\000a\000f\000t\000e\000n}{chapter.3}% 46
\BOOKMARK [2][-]{subsection.3.2.1}{\376\377\000K\000o\000n\000f\000o\000r\000m\000e\000\040\000A\000b\000b\000i\000l\000d\000u\000n\000g\000e\000n}{section.3.2}% 47
\BOOKMARK [2][-]{subsection.3.2.2}{\376\377\000D\000e\000r\000\040\000A\000b\000b\000i\000l\000d\000u\000n\000g\000s\000s\000a\000t\000z\000\040\000v\000o\000n\000\040\000R\000i\000e\000m\000a\000n\000n}{section.3.2}% 48
\BOOKMARK [2][-]{subsection.3.2.3}{\376\377\000A\000n\000w\000e\000n\000d\000u\000n\000g\000e\000n\000\040}{section.3.2}% 49
\BOOKMARK [1][-]{section.3.3}{\376\377\000N\000i\000c\000h\000t\000\040\000h\000o\000l\000o\000m\000o\000r\000p\000h\000e\000\040\000F\000u\000n\000k\000t\000i\000o\000n\000e\000n\000\040}{chapter.3}% 50
\BOOKMARK [2][-]{subsection.3.3.1}{\376\377\000F\000u\000n\000k\000t\000i\000o\000n\000e\000n\000\040\000v\000o\000n\000\040\000z\000\040\000u\000n\000d\000\040\000s\000i\000u\000n\000i\000t\000x\000u\000n\000i\000t\000-\000d\000e\000p\000r\000e\000c\000a\000t\000e\000d\bar\000b\000a\000r\000b\000a\000r\000z}{section.3.3}% 51
\BOOKMARK [2][-]{subsection.3.3.2}{\376\377\000D\000i\000e\000\040\000k\000o\000m\000p\000l\000e\000x\000e\000\040\000J\000a\000c\000o\000b\000i\000-\000M\000a\000t\000r\000i\000x\000\040\000e\000i\000n\000e\000r\000\040\000k\000o\000m\000p\000l\000e\000x\000e\000n\000\040\000F\000u\000n\000k\000t\000i\000o\000n}{section.3.3}% 52
\BOOKMARK [1][-]{subsection.3.3.2}{\376\377\000\334\000b\000u\000n\000g\000s\000a\000u\000f\000g\000a\000b\000e\000n}{chapter.3}% 53
\BOOKMARK [0][-]{chapter.4}{\376\377\000K\000o\000m\000p\000l\000e\000x\000e\000\040\000I\000n\000t\000e\000g\000r\000a\000t\000i\000o\000n\000\040}{part.1}% 54
\BOOKMARK [1][-]{section.4.1}{\376\377\000W\000e\000g\000i\000n\000t\000e\000g\000r\000a\000l\000e\000\040\000i\000n\000\040\000C\000\040}{chapter.4}% 55
\BOOKMARK [2][-]{subsection.4.1.1}{\376\377\000W\000e\000g\000e\000\040\000i\000n\000\040\000R\000n\000\040\000u\000n\000d\000\040\000C}{section.4.1}% 56
\BOOKMARK [2][-]{subsection.4.1.2}{\376\377\000I\000n\000t\000e\000g\000r\000a\000l\000\040\000e\000n\000t\000l\000a\000n\000g\000\040\000e\000i\000n\000e\000s\000\040\000W\000e\000g\000e\000s}{section.4.1}% 57
\BOOKMARK [2][-]{subsection.4.1.3}{\376\377\000H\000o\000m\000o\000t\000o\000p\000i\000e\000\040}{section.4.1}% 58
\BOOKMARK [1][-]{section.4.2}{\376\377\000D\000e\000r\000\040\000I\000n\000t\000e\000g\000r\000a\000l\000s\000a\000t\000z\000\040}{chapter.4}% 59
\BOOKMARK [2][-]{subsection.4.2.1}{\376\377\000W\000e\000g\000i\000n\000t\000e\000g\000r\000a\000l\000e\000\040\000\374\000b\000e\000r\000\040\000g\000e\000s\000c\000h\000l\000o\000s\000s\000e\000n\000e\000\040\000W\000e\000g\000e}{section.4.2}% 60
\BOOKMARK [2][-]{subsection.4.2.2}{\376\377\000W\000e\000g\000i\000n\000t\000e\000g\000r\000a\000l\000e\000\040\000u\000n\000d\000\040\000h\000a\000r\000m\000o\000n\000i\000s\000c\000h\000e\000\040\000F\000u\000n\000k\000t\000i\000o\000n\000e\000n}{section.4.2}% 61
\BOOKMARK [2][-]{subsection.4.2.3}{\376\377\000A\000b\000l\000e\000i\000t\000u\000n\000g\000e\000n}{section.4.2}% 62
\BOOKMARK [2][-]{subsection.4.2.4}{\376\377\000D\000e\000r\000\040\000S\000a\000t\000z\000\040\000v\000o\000n\000\040\000L\000i\000o\000u\000v\000i\000l\000l\000e}{section.4.2}% 63
\BOOKMARK [1][-]{section.4.3}{\376\377\000D\000i\000e\000\040\000U\000m\000l\000a\000u\000f\000z\000a\000h\000l\000\040}{chapter.4}% 64
\BOOKMARK [2][-]{subsection.4.3.1}{\376\377\000D\000i\000e\000\040\000U\000m\000l\000a\000u\000f\000z\000a\000h\000l\000\040\000e\000i\000n\000e\000s\000\040\000W\000e\000g\000e\000s\000\040\000u\000m\000\040\000e\000i\000n\000e\000n\000\040\000P\000u\000n\000k\000t}{section.4.3}% 65
\BOOKMARK [2][-]{subsection.4.3.2}{\376\377\000U\000m\000l\000a\000u\000f\000z\000a\000h\000l\000\040\000u\000n\000d\000\040\000k\000o\000m\000p\000l\000e\000x\000e\000\040\000I\000n\000t\000e\000g\000r\000a\000t\000i\000o\000n}{section.4.3}% 66
\BOOKMARK [2][-]{subsection.4.3.3}{\376\377\000I\000n\000t\000e\000g\000r\000a\000l\000s\000a\000t\000z\000\040\000f\000\374\000r\000\040\000a\000l\000l\000g\000e\000m\000e\000i\000n\000e\000\040\000W\000e\000g\000e}{section.4.3}% 67
\BOOKMARK [2][-]{subsection.4.3.4}{\376\377\000A\000b\000l\000e\000i\000t\000u\000n\000g\000e\000n}{section.4.3}% 68
\BOOKMARK [1][-]{section.4.4}{\376\377\000R\000e\000e\000l\000l\000e\000\040\000I\000n\000t\000e\000g\000r\000a\000l\000e\000\040\000m\000i\000t\000\040\000d\000e\000m\000\040\000c\000a\000u\000c\000h\000y\000s\000c\000h\000e\000n\000\040\000I\000n\000t\000e\000g\000r\000a\000l\000s\000a\000t\000z\000\040}{chapter.4}% 69
\BOOKMARK [2][-]{subsection.4.4.1}{\376\377\000E\000i\000n\000\040\000e\000i\000n\000f\000\374\000h\000r\000e\000n\000d\000e\000s\000\040\000B\000e\000i\000s\000p\000i\000e\000l\000\040}{section.4.4}% 70
\BOOKMARK [2][-]{subsection.4.4.2}{\376\377\000D\000i\000e\000\040\000M\000e\000t\000h\000o\000d\000e}{section.4.4}% 71
\BOOKMARK [2][-]{subsection.4.4.3}{\376\377\000E\000i\000n\000\040\000B\000e\000i\000s\000p\000i\000e\000l\000\040\000o\000h\000n\000e\000\040\000P\000o\000l\000e}{section.4.4}% 72
\BOOKMARK [2][-]{subsection.4.4.4}{\376\377\000H\000a\000u\000p\000t\000w\000e\000r\000t\000\040}{section.4.4}% 73
\BOOKMARK [1][-]{section.4.5}{\376\377\000H\000o\000m\000o\000l\000o\000g\000i\000e\000\040}{chapter.4}% 74
\BOOKMARK [2][-]{subsection.4.5.1}{\376\377\000K\000e\000t\000t\000e\000n\000\040\000u\000n\000d\000\040\000Z\000y\000k\000l\000e\000n}{section.4.5}% 75
\BOOKMARK [2][-]{subsection.4.5.2}{\376\377\000I\000n\000t\000e\000g\000r\000a\000l\000\040\000\374\000b\000e\000r\000\040\000K\000e\000t\000t\000e\000n}{section.4.5}% 76
\BOOKMARK [2][-]{subsection.4.5.3}{\376\377\000H\000o\000m\000o\000l\000o\000g\000i\000e\000\040\000v\000o\000n\000\040\000K\000e\000t\000t\000e\000n\000\040}{section.4.5}% 77
\BOOKMARK [2][-]{subsection.4.5.4}{\376\377\000H\000o\000m\000o\000l\000o\000g\000i\000e\000g\000r\000u\000p\000p\000e}{section.4.5}% 78
\BOOKMARK [2][-]{subsection.4.5.5}{\376\377\000H\000o\000m\000o\000l\000o\000g\000i\000e\000\040\000i\000n\000\040\000a\000n\000d\000e\000r\000e\000n\000\040\000D\000i\000m\000e\000n\000s\000i\000o\000n\000e\000n}{section.4.5}% 79
\BOOKMARK [1][-]{section*.112}{\376\377\000\334\000b\000u\000n\000g\000s\000a\000u\000f\000g\000a\000b\000e\000n}{chapter.4}% 80
\BOOKMARK [0][-]{chapter.5}{\376\377\000A\000n\000a\000l\000y\000t\000i\000s\000c\000h\000e\000\040\000F\000u\000n\000k\000t\000i\000o\000n\000e\000n\000\040}{part.1}% 81
\BOOKMARK [1][-]{section.5.1}{\376\377\000P\000o\000t\000e\000n\000z\000r\000e\000i\000h\000e\000n\000\040\000h\000o\000l\000o\000m\000o\000r\000p\000h\000e\000r\000\040\000F\000u\000n\000k\000t\000i\000o\000n\000e\000n\000\040}{chapter.5}% 82
\BOOKMARK [2][-]{subsection.5.1.1}{\376\377\000P\000o\000t\000e\000n\000z\000r\000e\000i\000h\000e\000n\000\040\000v\000o\000n\000\040\000P\000o\000l\000y\000n\000o\000m\000e\000n\000\040}{section.5.1}% 83
\BOOKMARK [2][-]{subsection.5.1.2}{\376\377\000D\000i\000e\000\040\000g\000e\000o\000m\000e\000t\000r\000i\000s\000c\000h\000e\000\040\000R\000e\000i\000h\000e\000\040}{section.5.1}% 84
\BOOKMARK [2][-]{subsection.5.1.3}{\376\377\000R\000a\000t\000i\000o\000n\000a\000l\000e\000\040\000F\000u\000n\000k\000t\000i\000o\000n\000e\000n\000\040}{section.5.1}% 85
\BOOKMARK [2][-]{subsection.5.1.4}{\376\377\000I\000n\000t\000e\000g\000r\000a\000t\000i\000o\000n\000\040\000d\000e\000r\000\040\000g\000e\000o\000m\000e\000t\000r\000i\000s\000c\000h\000e\000n\000\040\000R\000e\000i\000h\000e\000\040}{section.5.1}% 86
\BOOKMARK [2][-]{subsection.5.1.5}{\376\377\000P\000o\000t\000e\000n\000z\000r\000e\000i\000h\000e\000n\000e\000n\000t\000w\000i\000c\000k\000l\000u\000n\000g\000\040\000e\000i\000n\000e\000r\000\040\000h\000o\000l\000o\000m\000o\000r\000p\000h\000e\000n\000\040\000F\000u\000n\000k\000t\000i\000o\000n\000\040}{section.5.1}% 87
\BOOKMARK [2][-]{subsection.5.1.6}{\376\377\000R\000e\000e\000l\000l\000e\000\040\000d\000i\000f\000f\000e\000r\000e\000n\000z\000e\000r\000i\000e\000r\000b\000a\000r\000e\000\040\000F\000u\000n\000k\000t\000i\000o\000n\000e\000n\000\040\000s\000i\000n\000d\000\040\000n\000i\000c\000h\000t\000\040\000a\000l\000l\000e\000\040\000a\000n\000a\000l\000y\000t\000i\000s\000c\000h}{section.5.1}% 88
\BOOKMARK [1][-]{section.5.2}{\376\377\000A\000n\000a\000l\000y\000t\000i\000s\000c\000h\000e\000\040\000F\000o\000r\000t\000s\000e\000t\000z\000u\000n\000g\000\040}{chapter.5}% 89
\BOOKMARK [2][-]{subsection.5.2.1}{\376\377\000F\000o\000r\000t\000s\000e\000t\000z\000u\000n\000g\000\040\000e\000i\000n\000e\000r\000\040\000P\000o\000t\000e\000n\000z\000r\000e\000i\000h\000e\000\040}{section.5.2}% 90
\BOOKMARK [2][-]{subsection.5.2.2}{\376\377\000A\000n\000a\000l\000y\000t\000i\000s\000c\000h\000e\000\040\000F\000o\000r\000t\000s\000e\000t\000z\000u\000n\000g\000\040\000e\000n\000t\000l\000a\000n\000g\000\040\000e\000i\000n\000e\000r\000\040\000K\000u\000r\000v\000e}{section.5.2}% 91
\BOOKMARK [2][-]{subsection.5.2.3}{\376\377\000\334\000b\000e\000r\000l\000a\000g\000e\000r\000u\000n\000g\000e\000n\000\040\000d\000e\000r\000\040\000k\000o\000m\000p\000l\000e\000x\000e\000n\000\040\000E\000b\000e\000n\000e}{section.5.2}% 92
\BOOKMARK [1][-]{section.5.3}{\376\377\000L\000a\000u\000r\000e\000n\000t\000-\000R\000e\000i\000h\000e\000n\000\040\000u\000n\000d\000\040\000m\000e\000r\000o\000m\000o\000r\000p\000h\000e\000\040\000F\000u\000n\000k\000t\000i\000o\000n\000e\000n\000\040}{chapter.5}% 93
\BOOKMARK [2][-]{subsection.5.3.1}{\376\377\000F\000u\000n\000k\000t\000i\000o\000n\000e\000n\000\040\000a\000u\000f\000\040\000e\000i\000n\000e\000m\000\040\000R\000i\000n\000g\000g\000e\000b\000i\000e\000t}{section.5.3}% 94
\BOOKMARK [2][-]{subsection.5.3.2}{\376\377\000D\000i\000e\000\040\000L\000a\000u\000r\000e\000n\000t\000-\000R\000e\000i\000h\000e}{section.5.3}% 95
\BOOKMARK [2][-]{subsection.5.3.3}{\376\377\000D\000a\000s\000\040\000R\000e\000s\000i\000d\000u\000u\000m}{section.5.3}% 96
\BOOKMARK [2][-]{subsection.5.3.4}{\376\377\000S\000i\000n\000g\000u\000l\000\344\000r\000e\000\040\000P\000u\000n\000k\000t\000e}{section.5.3}% 97
\BOOKMARK [2][-]{subsection.5.3.5}{\376\377\000M\000e\000r\000o\000m\000o\000r\000p\000h\000e\000\040\000F\000u\000n\000k\000t\000i\000o\000n\000e\000n}{section.5.3}% 98
\BOOKMARK [1][-]{section.5.4}{\376\377\000G\000a\000n\000z\000e\000\040\000F\000u\000n\000k\000t\000i\000o\000n\000e\000n\000\040}{chapter.5}% 99
\BOOKMARK [2][-]{subsection.5.4.1}{\376\377\000D\000e\000f\000i\000n\000i\000t\000i\000o\000n\000\040}{section.5.4}% 100
\BOOKMARK [2][-]{subsection.5.4.2}{\376\377\000D\000i\000e\000\040\000C\000a\000u\000c\000h\000y\000-\000U\000n\000g\000l\000e\000i\000c\000h\000u\000n\000g\000e\000n\000\040\000u\000n\000d\000\040\000d\000e\000r\000\040\000S\000a\000t\000z\000\040\000v\000o\000n\000\040\000L\000i\000o\000u\000v\000i\000l\000l\000e\000\040}{section.5.4}% 101
\BOOKMARK [2][-]{subsection.5.4.3}{\376\377\000D\000e\000r\000\040\000F\000u\000n\000d\000a\000m\000e\000n\000t\000a\000l\000s\000a\000t\000z\000\040\000d\000e\000r\000\040\000A\000l\000g\000e\000b\000r\000a\000\040}{section.5.4}% 102
\BOOKMARK [1][-]{section.5.5}{\376\377\000D\000a\000s\000\040\000A\000r\000g\000u\000m\000e\000n\000t\000p\000r\000i\000n\000z\000i\000p\000\040}{chapter.5}% 103
\BOOKMARK [2][-]{subsection.5.5.1}{\376\377\000D\000a\000s\000\040\000A\000r\000g\000u\000m\000e\000n\000t\000i\000n\000t\000e\000g\000r\000a\000l\000\040\000f\000\374\000r\000\040\000f\000\050\000z\000\051\000=\000z\000n\000\040}{section.5.5}% 104
\BOOKMARK [2][-]{subsection.5.5.2}{\376\377\000D\000a\000s\000\040\000A\000r\000g\000u\000m\000e\000n\000t\000p\000r\000i\000n\000z\000i\000p\000\040\000f\000\374\000r\000\040\000b\000e\000l\000i\000e\000b\000i\000g\000e\000\040\000m\000e\000r\000o\000m\000o\000r\000p\000h\000e\000\040\000F\000u\000n\000k\000t\000i\000o\000n\000e\000n}{section.5.5}% 105
\BOOKMARK [2][-]{subsection.5.5.3}{\376\377\000D\000a\000s\000\040\000v\000e\000r\000a\000l\000l\000g\000e\000m\000e\000i\000n\000e\000r\000t\000e\000\040\000A\000r\000g\000u\000m\000e\000n\000t\000p\000r\000i\000n\000z\000i\000p\000\040}{section.5.5}% 106
\BOOKMARK [1][-]{satz.5.36}{\376\377\000\334\000b\000u\000n\000g\000s\000a\000u\000f\000g\000a\000b\000e\000n}{chapter.5}% 107
\BOOKMARK [0][-]{chapter.6}{\376\377\000D\000i\000f\000f\000e\000r\000e\000n\000t\000i\000a\000l\000g\000l\000e\000i\000c\000h\000u\000n\000g\000e\000n\000\040}{part.1}% 108
\BOOKMARK [1][-]{section.6.1}{\376\377\000P\000o\000t\000e\000n\000z\000r\000e\000i\000h\000e\000n\000a\000n\000s\000a\000t\000z\000\040\000f\000\374\000r\000\040\000D\000i\000f\000f\000e\000r\000e\000n\000t\000i\000a\000l\000g\000l\000e\000i\000c\000h\000u\000n\000g\000e\000n\000\040}{chapter.6}% 109
\BOOKMARK [2][-]{subsection.6.1.1}{\376\377\000D\000i\000e\000\040\000E\000x\000p\000o\000n\000e\000n\000t\000i\000a\000l\000f\000u\000n\000k\000t\000i\000o\000n}{section.6.1}% 110
\BOOKMARK [2][-]{subsection.6.1.2}{\376\377\000S\000c\000h\000w\000i\000n\000g\000u\000n\000g\000e\000n}{section.6.1}% 111
\BOOKMARK [1][-]{section.6.2}{\376\377\000V\000e\000r\000a\000l\000l\000g\000e\000m\000e\000i\000n\000e\000r\000t\000e\000\040\000P\000o\000t\000e\000n\000z\000r\000e\000i\000h\000e\000n}{chapter.6}% 112
\BOOKMARK [1][-]{section.6.3}{\376\377\000F\000u\000c\000h\000s\000s\000c\000h\000e\000\040\000D\000i\000f\000f\000e\000r\000e\000n\000t\000i\000a\000l\000g\000l\000e\000i\000c\000h\000u\000n\000g\000\040}{chapter.6}% 113
\BOOKMARK [2][-]{subsection.6.3.1}{\376\377\000W\000a\000r\000u\000m\000\040\000P\000o\000t\000e\000n\000z\000r\000e\000i\000h\000e\000n\000\040\000n\000i\000c\000h\000t\000\040\000i\000m\000m\000e\000r\000\040\000r\000e\000i\000c\000h\000e\000n\000\040}{section.6.3}% 114
\BOOKMARK [2][-]{subsection.6.3.2}{\376\377\000F\000u\000c\000h\000s\000s\000c\000h\000e\000\040\000G\000l\000e\000i\000c\000h\000u\000n\000g\000\040\000m\000i\000t\000\040\000n\000i\000c\000h\000t\000\040\000k\000o\000n\000s\000t\000a\000n\000t\000e\000n\000\040\000F\000u\000n\000k\000t\000i\000o\000n\000e\000n\000\040\000p\000\050\000x\000\051\000\040\000u\000n\000d\000\040\000q\000\050\000x\000\051\000\040}{section.6.3}% 115
\BOOKMARK [1][-]{equation.6.11}{\376\377\000\334\000b\000u\000n\000g\000s\000a\000u\000f\000g\000a\000b\000e\000n}{chapter.6}% 116
\BOOKMARK [0][-]{chapter.7}{\376\377\000I\000n\000t\000e\000g\000r\000a\000t\000i\000o\000n\000\040\000r\000a\000t\000i\000o\000n\000a\000l\000e\000r\000\040\000F\000u\000n\000k\000t\000i\000o\000n\000e\000n\000\040}{part.1}% 117
\BOOKMARK [1][-]{section.7.1}{\376\377\000I\000n\000t\000e\000g\000r\000a\000t\000i\000o\000n\000\040\000r\000a\000t\000i\000o\000n\000a\000l\000e\000r\000\040\000F\000u\000n\000k\000t\000i\000o\000n\000e\000n\000\040\000n\000a\000c\000h\000\040\000B\000e\000r\000n\000o\000u\000l\000l\000i\000\040}{chapter.7}% 118
\BOOKMARK [2][-]{subsection.7.1.1}{\376\377\000P\000r\000o\000b\000l\000e\000m\000s\000t\000e\000l\000l\000u\000n\000g}{section.7.1}% 119
\BOOKMARK [2][-]{subsection.7.1.2}{\376\377\000P\000a\000r\000t\000i\000a\000l\000b\000r\000u\000c\000h\000z\000e\000r\000l\000e\000g\000u\000n\000g\000\040}{section.7.1}% 120
\BOOKMARK [2][-]{subsection.7.1.3}{\376\377\000R\000a\000t\000i\000o\000n\000a\000l\000e\000\040\000F\000u\000n\000k\000t\000i\000o\000n\000e\000n\000\040\000m\000i\000t\000\040\000r\000e\000e\000l\000l\000e\000n\000\040\000K\000o\000e\000f\000f\000i\000z\000i\000e\000n\000t\000e\000n}{section.7.1}% 121
\BOOKMARK [2][-]{subsection.7.1.4}{\376\377\000D\000i\000e\000\040\000d\000e\000r\000\040\000M\000e\000t\000h\000o\000d\000e\000\040\000z\000u\000g\000r\000u\000n\000d\000e\000l\000i\000e\000g\000e\000n\000d\000e\000n\000\040\000P\000r\000i\000n\000z\000i\000p\000i\000e\000n\000\040}{section.7.1}% 122
\BOOKMARK [1][-]{section.7.2}{\376\377\000D\000e\000r\000\040\000e\000u\000k\000l\000i\000d\000i\000s\000c\000h\000e\000\040\000A\000l\000g\000o\000r\000i\000t\000h\000m\000u\000s\000\040}{chapter.7}% 123
\BOOKMARK [2][-]{subsection.7.2.1}{\376\377\000D\000e\000r\000\040\000e\000u\000k\000l\000i\000d\000i\000s\000c\000h\000e\000\040\000A\000l\000g\000o\000r\000i\000t\000h\000m\000u\000s\000\040\000f\000\374\000r\000\040\000g\000a\000n\000z\000e\000\040\000Z\000a\000h\000l\000e\000n\000\040}{section.7.2}% 124
\BOOKMARK [2][-]{subsection.7.2.2}{\376\377\000D\000e\000r\000\040\000e\000u\000k\000l\000i\000d\000i\000s\000c\000h\000e\000\040\000A\000l\000g\000o\000r\000i\000t\000h\000m\000u\000s\000\040\000f\000\374\000r\000\040\000P\000o\000l\000y\000n\000o\000m\000e\000\040}{section.7.2}% 125
\BOOKMARK [2][-]{subsection.7.2.3}{\376\377\000E\000u\000k\000l\000i\000d\000i\000s\000c\000h\000e\000\040\000R\000i\000n\000g\000e\000\040}{section.7.2}% 126
\BOOKMARK [2][-]{subsection.7.2.4}{\376\377\000P\000o\000l\000y\000n\000o\000m\000e\000\040\000m\000i\000t\000\040\000K\000o\000e\000f\000f\000i\000z\000i\000e\000n\000t\000e\000n\000\040\000i\000n\000\040\000e\000i\000n\000e\000m\000\040\000b\000e\000l\000i\000e\000b\000i\000g\000e\000n\000\040\000K\000\366\000r\000p\000e\000r}{section.7.2}% 127
\BOOKMARK [1][-]{section.7.3}{\376\377\000Q\000u\000a\000d\000r\000a\000t\000f\000r\000e\000i\000e\000\040\000F\000a\000k\000t\000o\000r\000i\000s\000i\000e\000r\000u\000n\000g\000\040\000u\000n\000d\000\040\000d\000i\000e\000\040\000M\000e\000t\000h\000o\000d\000e\000\040\000v\000o\000n\000\040\000H\000e\000r\000m\000i\000t\000e\000\040}{chapter.7}% 128
\BOOKMARK [2][-]{subsection.7.3.1}{\376\377\000Q\000u\000a\000d\000r\000a\000t\000f\000r\000e\000i\000e\000\040\000F\000a\000k\000t\000o\000r\000i\000s\000i\000e\000r\000u\000n\000g}{section.7.3}% 129
\BOOKMARK [2][-]{subsection.7.3.2}{\376\377\000R\000e\000d\000u\000k\000t\000i\000o\000n\000\040\000d\000e\000s\000\040\000I\000n\000t\000e\000g\000r\000a\000l\000s}{section.7.3}% 130
\BOOKMARK [1][-]{section.7.4}{\376\377\000D\000i\000e\000\040\000M\000e\000t\000h\000o\000d\000e\000\040\000v\000o\000n\000\040\000R\000o\000t\000h\000s\000t\000e\000i\000n\000-\000T\000r\000a\000g\000e\000r\000\040}{chapter.7}% 131
\BOOKMARK [2][-]{subsection.7.4.1}{\376\377\000R\000e\000s\000i\000d\000u\000e\000n\000\040\000u\000n\000d\000\040\000d\000i\000e\000\040\000F\000o\000r\000m\000\040\000d\000e\000s\000\040\000I\000n\000t\000e\000g\000r\000a\000l\000s\000\040}{section.7.4}% 132
\BOOKMARK [2][-]{subsection.7.4.2}{\376\377\000D\000e\000r\000\040\000S\000a\000t\000z\000\040\000v\000o\000n\000\040\000R\000o\000t\000h\000s\000t\000e\000i\000n\000-\000T\000r\000a\000g\000e\000r}{section.7.4}% 133
\BOOKMARK [1][-]{Item.98}{\376\377\000\334\000b\000u\000n\000g\000s\000a\000u\000f\000g\000a\000b\000e\000n}{chapter.7}% 134
\BOOKMARK [0][-]{chapter.8}{\376\377\000I\000n\000t\000e\000g\000r\000a\000t\000i\000o\000n\000\040\000i\000n\000\040\000g\000e\000s\000c\000h\000l\000o\000s\000s\000e\000n\000e\000r\000\040\000F\000o\000r\000m\000\040}{part.1}% 135
\BOOKMARK [1][-]{section.8.1}{\376\377\000E\000l\000e\000m\000e\000n\000t\000a\000r\000e\000\040\000F\000u\000n\000k\000t\000i\000o\000n\000e\000n\000\040}{chapter.8}% 136
\BOOKMARK [2][-]{subsection.8.1.1}{\376\377\000F\000u\000n\000k\000t\000i\000o\000n\000e\000n\000k\000\366\000r\000p\000e\000r}{section.8.1}% 137
\BOOKMARK [2][-]{subsection.8.1.2}{\376\377\000D\000i\000f\000f\000e\000r\000e\000n\000t\000i\000a\000l\000k\000\366\000r\000p\000e\000r\000\040\000v\000o\000n\000\040\000F\000u\000n\000k\000t\000i\000o\000n\000e\000n}{section.8.1}% 138
\BOOKMARK [2][-]{subsection.8.1.3}{\376\377\000E\000x\000p\000o\000n\000e\000n\000t\000i\000a\000l\000-\000\040\000u\000n\000d\000\040\000L\000o\000g\000a\000r\000i\000t\000h\000m\000u\000s\000f\000u\000n\000k\000t\000i\000o\000n\000e\000n}{section.8.1}% 139
\BOOKMARK [2][-]{subsection.8.1.4}{\376\377\000E\000x\000p\000o\000n\000e\000n\000t\000i\000a\000l\000d\000a\000r\000s\000t\000e\000l\000l\000u\000n\000g\000\040\000d\000e\000r\000\040\000t\000r\000i\000g\000o\000n\000o\000m\000e\000t\000r\000i\000s\000c\000h\000e\000n\000\040\000F\000u\000n\000k\000t\000i\000o\000n\000e\000n\000\040}{section.8.1}% 140
\BOOKMARK [2][-]{subsection.8.1.5}{\376\377\000E\000l\000e\000m\000e\000n\000t\000a\000r\000e\000\040\000F\000u\000n\000k\000t\000i\000o\000n\000e\000n\000\040\000u\000n\000d\000\040\000d\000a\000s\000\040\000I\000n\000t\000e\000g\000r\000a\000t\000i\000o\000n\000s\000p\000r\000o\000b\000l\000e\000m}{section.8.1}% 141
\BOOKMARK [2][-]{subsection.8.1.6}{\376\377\000E\000i\000n\000d\000e\000u\000t\000i\000g\000k\000e\000i\000t\000\040\000d\000e\000r\000\040\000E\000r\000w\000e\000i\000t\000e\000r\000u\000n\000g\000\040\000d\000e\000s\000\040\000A\000b\000l\000e\000i\000t\000u\000n\000g\000s\000o\000p\000e\000r\000a\000t\000o\000r\000s}{section.8.1}% 142
\BOOKMARK [1][-]{section.8.2}{\376\377\000I\000n\000t\000e\000g\000r\000a\000l\000e\000\040\000v\000o\000n\000\040\000R\000\050\000x\000,\000\051\000\040\000m\000i\000t\000\040\000=\000a\000x\0002\000+\000b\000x\000+\000c\000\040}{chapter.8}% 143
\BOOKMARK [2][-]{subsection.8.2.1}{\376\377\000D\000e\000r\000\040\000F\000u\000n\000k\000t\000i\000o\000n\000e\000n\000k\000\366\000r\000p\000e\000r\000\040\000Q\000\050\000x\000,\000\051\000\040}{section.8.2}% 144
\BOOKMARK [2][-]{subsection.8.2.2}{\376\377\000R\000a\000t\000i\000o\000n\000a\000l\000i\000s\000i\000e\000r\000u\000n\000g\000\040}{section.8.2}% 145
\BOOKMARK [2][-]{subsection.8.2.3}{\376\377\000D\000a\000s\000\040\000I\000n\000t\000e\000g\000r\000a\000t\000i\000o\000n\000s\000p\000r\000o\000b\000l\000e\000m\000\040}{section.8.2}% 146
\BOOKMARK [2][-]{subsection.8.2.4}{\376\377\000I\000n\000t\000e\000g\000r\000a\000n\000d\000e\000n\000\040\000d\000e\000r\000\040\000F\000o\000r\000m\000\040\000P\000o\000l\000y\000n\000o\000m\000/}{section.8.2}% 147
\BOOKMARK [2][-]{subsection.8.2.5}{\376\377\000P\000a\000r\000t\000i\000a\000l\000b\000r\000u\000c\000h\000z\000e\000r\000l\000e\000g\000u\000n\000g\000\040\000d\000e\000s\000\040\000g\000e\000b\000r\000o\000c\000h\000e\000n\000e\000n\000\040\000T\000e\000i\000l\000s}{section.8.2}% 148
\BOOKMARK [2][-]{subsection.8.2.6}{\376\377\000D\000i\000e\000\040\000S\000t\000a\000m\000m\000f\000u\000n\000k\000t\000i\000o\000n\000\040\000v\000o\000n\000\040\0001\000/\000\040}{section.8.2}% 149
\BOOKMARK [2][-]{subsection.8.2.7}{\376\377\000I\000n\000t\000e\000g\000r\000a\000l\000e\000\040\000v\000o\000n\000\040\0001\000/\000\050\000x\000-\000\051\000k}{section.8.2}% 150
\BOOKMARK [2][-]{subsection.8.2.8}{\376\377\000E\000r\000k\000e\000n\000n\000t\000n\000i\000s\000s\000e}{section.8.2}% 151
\BOOKMARK [1][-]{section.8.3}{\376\377\000D\000a\000s\000\040\000P\000r\000i\000n\000z\000i\000p\000\040\000v\000o\000n\000\040\000L\000i\000o\000u\000v\000i\000l\000l\000e\000\040}{chapter.8}% 152
\BOOKMARK [2][-]{subsection.8.3.1}{\376\377\000D\000a\000s\000\040\000P\000r\000i\000n\000z\000i\000p\000\040}{section.8.3}% 153
\BOOKMARK [2][-]{subsection.8.3.2}{\376\377\000P\000o\000l\000y\000n\000o\000m\000e\000\040\000v\000o\000n\000\040\000E\000r\000w\000e\000i\000t\000e\000r\000u\000n\000g\000e\000n\000\040}{section.8.3}% 154
\BOOKMARK [2][-]{subsection.8.3.3}{\376\377\000B\000e\000w\000e\000i\000s\000\040\000d\000e\000s\000\040\000P\000r\000i\000n\000z\000i\000p\000s\000\040\000v\000o\000n\000\040\000L\000i\000o\000u\000v\000i\000l\000l\000e\000\040\000i\000n\000\040\000S\000p\000e\000z\000i\000a\000l\000f\000\344\000l\000l\000e\000n\000\040}{section.8.3}% 155
\BOOKMARK [2][-]{subsection.8.3.4}{\376\377\000B\000e\000w\000e\000i\000s\000\040\000i\000m\000\040\000a\000l\000l\000g\000e\000m\000e\000i\000n\000e\000n\000\040\000F\000a\000l\000l\000\040}{section.8.3}% 156
\BOOKMARK [1][-]{section.8.4}{\376\377\000D\000e\000r\000\040\000R\000i\000s\000c\000h\000-\000A\000l\000g\000o\000r\000i\000t\000h\000m\000u\000s\000\040}{chapter.8}% 157
\BOOKMARK [2][-]{subsection.8.4.1}{\376\377\000\334\000b\000e\000r\000s\000i\000c\000h\000t\000\040\000\374\000b\000e\000r\000\040\000d\000e\000n\000\040\000A\000l\000g\000o\000r\000i\000t\000h\000m\000u\000s\000\040}{section.8.4}% 158
\BOOKMARK [2][-]{subsection.8.4.2}{\376\377\000R\000i\000s\000c\000h\000-\000A\000l\000g\000o\000r\000i\000t\000h\000m\000u\000s\000\040\000f\000\374\000r\000\040\000l\000o\000g\000a\000r\000i\000t\000h\000m\000i\000s\000c\000h\000e\000\040\000E\000r\000w\000e\000i\000t\000e\000r\000u\000n\000g\000e\000n\000\040}{section.8.4}% 159
\BOOKMARK [2][-]{subsection.8.4.3}{\376\377\000R\000i\000s\000c\000h\000-\000A\000l\000g\000o\000r\000i\000t\000h\000m\000u\000s\000\040\000f\000\374\000r\000\040\000e\000x\000p\000o\000n\000e\000n\000t\000i\000e\000l\000l\000e\000\040\000E\000r\000w\000e\000i\000t\000e\000r\000u\000n\000g\000e\000n\000\040}{section.8.4}% 160
\BOOKMARK [2][-]{subsection.8.4.4}{\376\377\000R\000i\000s\000c\000h\000-\000A\000l\000g\000o\000r\000i\000t\000h\000m\000u\000s\000\040\000f\000\374\000r\000\040\000a\000l\000g\000e\000b\000r\000a\000i\000s\000c\000h\000e\000\040\000E\000r\000w\000e\000i\000t\000e\000r\000u\000n\000g\000e\000n\000\040}{section.8.4}% 161
\BOOKMARK [1][-]{subsection.8.4.4}{\376\377\000\334\000b\000u\000n\000g\000s\000a\000u\000f\000g\000a\000b\000e\000n}{chapter.8}% 162
\BOOKMARK [-1][-]{part.2}{\376\377\000I\000I\000\040\000A\000n\000w\000e\000n\000d\000u\000n\000g\000e\000n\000\040\000u\000n\000d\000\040\000w\000e\000i\000t\000e\000r\000f\000\374\000h\000r\000e\000n\000d\000e\000\040\000T\000h\000e\000m\000e\000n}{}% 163
\BOOKMARK [0][-]{chapter.9}{\376\377\000A\000i\000r\000c\000r\000a\000f\000t\000\040\000F\000l\000i\000g\000h\000t\000\040\000D\000y\000n\000a\000m\000i\000c\000s\000\040\000a\000n\000d\000\040\000c\000o\000m\000p\000l\000e\000x\000\040\000n\000u\000m\000b\000e\000r\000s}{part.2}% 164
\BOOKMARK [1][-]{section.9.1}{\376\377\000T\000e\000i\000l\000\040\0000}{chapter.9}% 165
\BOOKMARK [1][-]{section.9.2}{\376\377\000T\000e\000i\000l\000\040\0001\000\040}{chapter.9}% 166
\BOOKMARK [2][-]{subsection.9.2.1}{\376\377\000D\000e\000\040\000f\000i\000n\000i\000b\000u\000s\000\040\000b\000o\000n\000o\000r\000u\000m\000\040\000e\000t\000\040\000m\000a\000l\000o\000r\000u\000m\000\040}{section.9.2}% 167
\BOOKMARK [1][-]{section.9.3}{\376\377\000T\000e\000i\000l\000\040\0002\000\040}{chapter.9}% 168
\BOOKMARK [2][-]{subsection.9.3.1}{\376\377\000D\000e\000\040\000f\000i\000n\000i\000b\000u\000s\000\040\000b\000o\000n\000o\000r\000u\000m\000\040\000e\000t\000\040\000m\000a\000l\000o\000r\000u\000m\000\040}{section.9.3}% 169
\BOOKMARK [1][-]{section.9.4}{\376\377\000T\000e\000i\000l\000\040\0003\000\040}{chapter.9}% 170
\BOOKMARK [2][-]{subsection.9.4.1}{\376\377\000D\000e\000\040\000f\000i\000n\000i\000b\000u\000s\000\040\000b\000o\000n\000o\000r\000u\000m\000\040\000e\000t\000\040\000m\000a\000l\000o\000r\000u\000m\000\040}{section.9.4}% 171
\BOOKMARK [0][-]{chapter.10}{\376\377\000B\000a\000s\000e\000l\000-\000P\000r\000o\000b\000l\000e\000m}{part.2}% 172
\BOOKMARK [1][-]{section.10.1}{\376\377\000E\000i\000n\000f\000\374\000h\000r\000u\000n\000g\000\040}{chapter.10}% 173
\BOOKMARK [1][-]{section.10.2}{\376\377\000G\000e\000s\000c\000h\000i\000c\000h\000t\000l\000i\000c\000h\000e\000r\000\040\000H\000i\000n\000t\000e\000r\000g\000r\000u\000n\000d\000\040}{chapter.10}% 174
\BOOKMARK [1][-]{section.10.3}{\376\377\000K\000o\000n\000v\000e\000r\000g\000i\000e\000r\000t\000\040\000d\000a\000s\000\040\000B\000a\000s\000e\000l\000-\000P\000r\000o\000b\000l\000e\000m\000\040\000\374\000b\000e\000r\000h\000a\000u\000p\000t\000?\000\040}{chapter.10}% 175
\BOOKMARK [1][-]{section.10.4}{\376\377\000E\000u\000l\000e\000r\000s\000\040\000B\000e\000w\000e\000i\000s\000\040}{chapter.10}% 176
\BOOKMARK [2][-]{subsection.10.4.1}{\376\377\000L\000i\000n\000e\000a\000r\000f\000a\000k\000t\000o\000r\000e\000n}{section.10.4}% 177
\BOOKMARK [2][-]{subsection.10.4.2}{\376\377\000D\000e\000r\000\040\000K\000a\000r\000d\000i\000n\000a\000l\000s\000i\000n\000u\000s\000\040}{section.10.4}% 178
\BOOKMARK [2][-]{subsection.10.4.3}{\376\377\000D\000i\000e\000\040\000T\000a\000y\000l\000o\000r\000r\000e\000i\000h\000e}{section.10.4}% 179
\BOOKMARK [2][-]{subsection.10.4.4}{\376\377\000D\000e\000r\000\040\000B\000e\000w\000e\000i\000s}{section.10.4}% 180
\BOOKMARK [1][-]{section.10.5}{\376\377\000E\000i\000n\000\040\000m\000o\000d\000e\000r\000n\000e\000r\000\040\000B\000e\000w\000e\000i\000s\000\040}{chapter.10}% 181
\BOOKMARK [2][-]{subsection.10.5.1}{\376\377\000B\000e\000r\000e\000c\000h\000n\000u\000n\000g\000\040\000d\000e\000r\000\040\000F\000o\000u\000r\000i\000e\000r\000-\000P\000o\000l\000y\000n\000o\000m\000e}{section.10.5}% 182
\BOOKMARK [1][-]{section.10.6}{\376\377\000G\000e\000o\000m\000e\000t\000r\000i\000s\000c\000h\000-\000p\000h\000y\000s\000i\000k\000a\000l\000i\000s\000c\000h\000e\000r\000\040\000B\000e\000w\000e\000i\000s\000\040}{chapter.10}% 183
\BOOKMARK [2][-]{subsection.10.6.1}{\376\377\000D\000e\000r\000\040\000i\000n\000v\000e\000r\000s\000e\000\040\000S\000a\000t\000z\000\040\000d\000e\000s\000\040\000P\000y\000t\000h\000a\000g\000o\000r\000a\000s}{section.10.6}% 184
\BOOKMARK [2][-]{subsection.10.6.2}{\376\377\000D\000e\000r\000\040\000K\000o\000n\000s\000t\000r\000u\000k\000t\000i\000o\000n\000s\000p\000r\000o\000z\000e\000s\000s}{section.10.6}% 185
\BOOKMARK [2][-]{subsection.10.6.3}{\376\377\000D\000e\000r\000\040\000G\000r\000e\000n\000z\000\374\000b\000e\000r\000g\000a\000n\000g}{section.10.6}% 186
\BOOKMARK [0][-]{chapter.11}{\376\377\000T\000h\000e\000m\000a}{part.2}% 187
\BOOKMARK [1][-]{section.11.1}{\376\377\000T\000e\000i\000l\000\040\0000}{chapter.11}% 188
\BOOKMARK [1][-]{section.11.2}{\376\377\000T\000e\000i\000l\000\040\0001\000\040}{chapter.11}% 189
\BOOKMARK [2][-]{subsection.11.2.1}{\376\377\000D\000e\000\040\000f\000i\000n\000i\000b\000u\000s\000\040\000b\000o\000n\000o\000r\000u\000m\000\040\000e\000t\000\040\000m\000a\000l\000o\000r\000u\000m\000\040}{section.11.2}% 190
\BOOKMARK [1][-]{section.11.3}{\376\377\000T\000e\000i\000l\000\040\0002\000\040}{chapter.11}% 191
\BOOKMARK [2][-]{subsection.11.3.1}{\376\377\000D\000e\000\040\000f\000i\000n\000i\000b\000u\000s\000\040\000b\000o\000n\000o\000r\000u\000m\000\040\000e\000t\000\040\000m\000a\000l\000o\000r\000u\000m\000\040}{section.11.3}% 192
\BOOKMARK [1][-]{section.11.4}{\376\377\000T\000e\000i\000l\000\040\0003\000\040}{chapter.11}% 193
\BOOKMARK [2][-]{subsection.11.4.1}{\376\377\000D\000e\000\040\000f\000i\000n\000i\000b\000u\000s\000\040\000b\000o\000n\000o\000r\000u\000m\000\040\000e\000t\000\040\000m\000a\000l\000o\000r\000u\000m\000\040}{section.11.4}% 194
\BOOKMARK [0][-]{chapter.12}{\376\377\000F\000r\000e\000s\000n\000e\000l\000-\000I\000n\000t\000e\000g\000r\000a\000l\000e}{part.2}% 195
\BOOKMARK [1][-]{section.12.1}{\376\377\000T\000e\000i\000l\000\040\0000}{chapter.12}% 196
\BOOKMARK [1][-]{section.12.2}{\376\377\000T\000e\000i\000l\000\040\0001\000\040}{chapter.12}% 197
\BOOKMARK [2][-]{subsection.12.2.1}{\376\377\000D\000e\000\040\000f\000i\000n\000i\000b\000u\000s\000\040\000b\000o\000n\000o\000r\000u\000m\000\040\000e\000t\000\040\000m\000a\000l\000o\000r\000u\000m\000\040}{section.12.2}% 198
\BOOKMARK [1][-]{section.12.3}{\376\377\000T\000e\000i\000l\000\040\0002\000\040}{chapter.12}% 199
\BOOKMARK [2][-]{subsection.12.3.1}{\376\377\000D\000e\000\040\000f\000i\000n\000i\000b\000u\000s\000\040\000b\000o\000n\000o\000r\000u\000m\000\040\000e\000t\000\040\000m\000a\000l\000o\000r\000u\000m\000\040}{section.12.3}% 200
\BOOKMARK [1][-]{section.12.4}{\376\377\000T\000e\000i\000l\000\040\0003\000\040}{chapter.12}% 201
\BOOKMARK [2][-]{subsection.12.4.1}{\376\377\000D\000e\000\040\000f\000i\000n\000i\000b\000u\000s\000\040\000b\000o\000n\000o\000r\000u\000m\000\040\000e\000t\000\040\000m\000a\000l\000o\000r\000u\000m\000\040}{section.12.4}% 202
\BOOKMARK [0][-]{chapter.13}{\376\377\000T\000h\000e\000m\000a}{part.2}% 203
\BOOKMARK [1][-]{section.13.1}{\376\377\000T\000e\000i\000l\000\040\0000}{chapter.13}% 204
\BOOKMARK [1][-]{section.13.2}{\376\377\000T\000e\000i\000l\000\040\0001\000\040}{chapter.13}% 205
\BOOKMARK [2][-]{subsection.13.2.1}{\376\377\000D\000e\000\040\000f\000i\000n\000i\000b\000u\000s\000\040\000b\000o\000n\000o\000r\000u\000m\000\040\000e\000t\000\040\000m\000a\000l\000o\000r\000u\000m\000\040}{section.13.2}% 206
\BOOKMARK [1][-]{section.13.3}{\376\377\000T\000e\000i\000l\000\040\0002\000\040}{chapter.13}% 207
\BOOKMARK [2][-]{subsection.13.3.1}{\376\377\000D\000e\000\040\000f\000i\000n\000i\000b\000u\000s\000\040\000b\000o\000n\000o\000r\000u\000m\000\040\000e\000t\000\040\000m\000a\000l\000o\000r\000u\000m\000\040}{section.13.3}% 208
\BOOKMARK [1][-]{section.13.4}{\376\377\000T\000e\000i\000l\000\040\0003\000\040}{chapter.13}% 209
\BOOKMARK [2][-]{subsection.13.4.1}{\376\377\000D\000e\000\040\000f\000i\000n\000i\000b\000u\000s\000\040\000b\000o\000n\000o\000r\000u\000m\000\040\000e\000t\000\040\000m\000a\000l\000o\000r\000u\000m\000\040}{section.13.4}% 210
\BOOKMARK [0][-]{chapter.14}{\376\377\000S\000a\000t\000z\000\040\000v\000o\000n\000\040\000K\000u\000t\000t\000a\000-\000J\000o\000u\000k\000o\000w\000s\000k\000i}{part.2}% 211
\BOOKMARK [1][-]{section.14.1}{\376\377\000A\000u\000f\000t\000r\000i\000e\000b\000s\000k\000r\000a\000f\000t}{chapter.14}% 212
\BOOKMARK [1][-]{section.14.2}{\376\377\000K\000o\000m\000p\000l\000e\000x\000e\000\040\000A\000n\000a\000l\000y\000s\000i\000s}{chapter.14}% 213
\BOOKMARK [0][-]{chapter.15}{\376\377\000J\000u\000l\000i\000a\000-\000M\000e\000n\000g\000e\000n\000\040\000u\000n\000d\000\040\000M\000a\000n\000d\000e\000l\000b\000r\000o\000t\000-\000M\000e\000n\000g\000e}{part.2}% 214
\BOOKMARK [1][-]{section.15.1}{\376\377\000J\000u\000l\000i\000a\000-\000M\000e\000n\000g\000e\000n\000\040\000u\000n\000d\000\040\000F\000a\000t\000o\000u\000-\000M\000e\000n\000g\000e\000n}{chapter.15}% 215
\BOOKMARK [2][-]{subsection.15.1.1}{\376\377\000P\000e\000r\000i\000o\000d\000i\000s\000c\000h\000e\000\040\000F\000o\000l\000g\000e\000n}{section.15.1}% 216
\BOOKMARK [2][-]{subsection.15.1.2}{\376\377\000B\000e\000o\000b\000a\000c\000h\000t\000u\000n\000g\000e\000n}{section.15.1}% 217
\BOOKMARK [2][-]{subsection.15.1.3}{\376\377\000D\000e\000f\000i\000n\000i\000t\000i\000o\000n\000\040\000d\000e\000r\000\040\000J\000u\000l\000i\000a\000-\000M\000e\000n\000g\000e\000n}{section.15.1}% 218
\BOOKMARK [2][-]{subsection.15.1.4}{\376\377\000D\000e\000f\000i\000n\000i\000t\000i\000o\000n\000\040\000d\000e\000r\000\040\000F\000a\000t\000o\000u\000-\000M\000e\000n\000g\000e\000n}{section.15.1}% 219
\BOOKMARK [1][-]{section.15.2}{\376\377\000M\000a\000n\000d\000e\000l\000b\000r\000o\000t\000-\000M\000e\000n\000g\000e}{chapter.15}% 220
\BOOKMARK [2][-]{subsection.15.2.1}{\376\377\000A\000u\000f\000b\000a\000u\000\040\000d\000e\000r\000\040\000M\000a\000n\000d\000e\000l\000b\000r\000o\000t\000-\000M\000e\000n\000g\000e}{section.15.2}% 221
\BOOKMARK [2][-]{subsection.15.2.2}{\376\377\000V\000e\000r\000a\000l\000l\000g\000e\000m\000e\000i\000n\000e\000r\000u\000n\000g\000e\000n}{section.15.2}% 222
\BOOKMARK [1][-]{section.15.3}{\376\377\000A\000n\000w\000e\000n\000d\000u\000n\000g\000e\000n\000\040\000u\000n\000d\000\040\000Z\000w\000e\000c\000k}{chapter.15}% 223
\BOOKMARK [2][-]{subsection.15.3.1}{\376\377\000D\000i\000e\000\040\000V\000a\000r\000i\000a\000b\000l\000e\000\040\000u\000n\000d\000\040\000d\000i\000e\000\040\000J\000u\000l\000i\000a\000-\000M\000e\000n\000g\000e\000n}{section.15.3}% 224
\BOOKMARK [2][-]{subsection.15.3.2}{\376\377\000D\000e\000r\000\040\000P\000a\000r\000a\000m\000e\000t\000e\000r\000\040\000u\000n\000d\000\040\000d\000i\000e\000\040\000M\000a\000n\000d\000e\000l\000b\000r\000o\000t\000-\000M\000e\000n\000g\000e}{section.15.3}% 225
\BOOKMARK [1][-]{section.15.4}{\376\377\000B\000e\000z\000i\000e\000h\000u\000n\000g\000\040\000z\000w\000i\000s\000c\000h\000e\000n\000\040\000J\000u\000l\000i\000a\000-\000M\000e\000n\000g\000e\000n\000\040\000u\000n\000d\000\040\000M\000a\000n\000d\000e\000l\000b\000r\000o\000t\000-\000M\000e\000n\000g\000e}{chapter.15}% 226
\BOOKMARK [2][-]{subsection.15.4.1}{\376\377\000F\000o\000r\000m\000\040\000d\000e\000r\000\040\000J\000u\000l\000i\000a\000-\000M\000e\000n\000g\000e\000n}{section.15.4}% 227
\BOOKMARK [2][-]{subsection.15.4.2}{\376\377\000\304\000h\000n\000l\000i\000c\000h\000k\000e\000i\000t\000\040\000d\000e\000r\000\040\000M\000a\000n\000d\000e\000l\000b\000r\000o\000t\000-\000\040\000u\000n\000d\000\040\000J\000u\000l\000i\000a\000-\000M\000e\000n\000g\000e}{section.15.4}% 228
\BOOKMARK [2][-]{subsection.15.4.3}{\376\377\000M\000o\000s\000a\000i\000k\000\040\000d\000e\000r\000\040\000M\000a\000n\000d\000e\000l\000b\000r\000o\000t\000-\000M\000e\000n\000g\000e}{section.15.4}% 229
\BOOKMARK [1][-]{section.15.5}{\376\377\000V\000i\000s\000u\000a\000l\000i\000s\000i\000e\000r\000u\000n\000g\000\040\000d\000e\000r\000\040\000M\000e\000n\000g\000e\000n}{chapter.15}% 230
\BOOKMARK [2][-]{subsection.15.5.1}{\376\377\000V\000i\000s\000u\000a\000l\000i\000s\000i\000e\000r\000u\000n\000g\000\040\000d\000e\000r\000\040\000J\000u\000l\000i\000a\000-\000\040\000u\000n\000d\000\040\000F\000a\000t\000o\000u\000-\000M\000e\000n\000g\000e\000n}{section.15.5}% 231
\BOOKMARK [2][-]{subsection.15.5.2}{\376\377\000V\000i\000s\000u\000a\000l\000i\000s\000i\000e\000r\000u\000n\000g\000\040\000d\000e\000r\000\040\000M\000a\000n\000d\000e\000l\000b\000r\000o\000t\000-\000M\000e\000n\000g\000e}{section.15.5}% 232
\BOOKMARK [0][-]{chapter.16}{\376\377\000D\000a\000s\000\040\000d\000r\000i\000t\000t\000e\000\040\000k\000e\000p\000l\000e\000r\000s\000c\000h\000e\000\040\000G\000e\000s\000e\000t\000z}{part.2}% 233
\BOOKMARK [1][-]{section.16.1}{\376\377\000T\000e\000i\000l\000\040\0000}{chapter.16}% 234
\BOOKMARK [1][-]{section.16.2}{\376\377\000T\000e\000i\000l\000\040\0001\000\040}{chapter.16}% 235
\BOOKMARK [2][-]{subsection.16.2.1}{\376\377\000D\000e\000\040\000f\000i\000n\000i\000b\000u\000s\000\040\000b\000o\000n\000o\000r\000u\000m\000\040\000e\000t\000\040\000m\000a\000l\000o\000r\000u\000m\000\040}{section.16.2}% 236
\BOOKMARK [1][-]{section.16.3}{\376\377\000T\000e\000i\000l\000\040\0002\000\040}{chapter.16}% 237
\BOOKMARK [2][-]{subsection.16.3.1}{\376\377\000D\000e\000\040\000f\000i\000n\000i\000b\000u\000s\000\040\000b\000o\000n\000o\000r\000u\000m\000\040\000e\000t\000\040\000m\000a\000l\000o\000r\000u\000m\000\040}{section.16.3}% 238
\BOOKMARK [1][-]{section.16.4}{\376\377\000T\000e\000i\000l\000\040\0003\000\040}{chapter.16}% 239
\BOOKMARK [2][-]{subsection.16.4.1}{\376\377\000D\000e\000\040\000f\000i\000n\000i\000b\000u\000s\000\040\000b\000o\000n\000o\000r\000u\000m\000\040\000e\000t\000\040\000m\000a\000l\000o\000r\000u\000m\000\040}{section.16.4}% 240
\BOOKMARK [0][-]{chapter.17}{\376\377\000P\000r\000o\000d\000u\000k\000t\000e\000n\000t\000w\000i\000c\000k\000l\000u\000n\000g\000e\000n}{part.2}% 241
\BOOKMARK [1][-]{section.17.1}{\376\377\000Z\000u\000s\000a\000m\000m\000e\000n\000f\000a\000s\000s\000u\000n\000g}{chapter.17}% 242
\BOOKMARK [1][-]{section.17.2}{\376\377\000M\000o\000t\000i\000v\000a\000t\000i\000o\000n\000\040\000u\000n\000d\000\040\000F\000r\000a\000g\000e\000s\000t\000e\000l\000l\000u\000n\000g}{chapter.17}% 243
\BOOKMARK [1][-]{section.17.3}{\376\377\000E\000u\000l\000e\000r\000s\000\040\000P\000r\000o\000d\000u\000k\000t\000d\000a\000r\000s\000t\000e\000l\000l\000u\000n\000g\000\040\000d\000e\000s\000\040\000S\000i\000n\000u\000s}{chapter.17}% 244
\BOOKMARK [2][-]{subsection.17.3.1}{\376\377\000D\000e\000r\000\040\000A\000n\000s\000a\000t\000z}{section.17.3}% 245
\BOOKMARK [2][-]{subsection.17.3.2}{\376\377\000D\000a\000s\000\040\000B\000a\000s\000e\000l\000-\000P\000r\000o\000b\000l\000e\000m}{section.17.3}% 246
\BOOKMARK [1][-]{section.17.4}{\376\377\000D\000a\000s\000\040\000P\000r\000o\000b\000l\000e\000m\000\040\000d\000e\000r\000\040\000K\000o\000n\000v\000e\000r\000g\000e\000n\000z}{chapter.17}% 247
\BOOKMARK [1][-]{section.17.5}{\376\377\000D\000e\000r\000\040\000W\000e\000i\000e\000r\000s\000t\000r\000a\000\337\000-\000P\000r\000o\000d\000u\000k\000t\000s\000a\000t\000z}{chapter.17}% 248
\BOOKMARK [2][-]{subsection.17.5.1}{\376\377\000D\000a\000s\000\040\000P\000r\000o\000b\000l\000e\000m\000:\000\040\000U\000n\000e\000n\000d\000l\000i\000c\000h\000e\000\040\000P\000r\000o\000d\000u\000k\000t\000e\000\040\000u\000n\000d\000\040\000i\000h\000r\000e\000\040\000K\000o\000n\000v\000e\000r\000g\000e\000n\000z}{section.17.5}% 249
\BOOKMARK [2][-]{subsection.17.5.2}{\376\377\000E\000l\000e\000m\000e\000n\000t\000a\000r\000f\000a\000k\000t\000o\000r\000e\000n\000\040\000u\000n\000d\000\040\000K\000o\000n\000v\000e\000r\000g\000e\000n\000z}{section.17.5}% 250
\BOOKMARK [2][-]{subsection.17.5.3}{\376\377\000F\000o\000r\000m\000u\000l\000i\000e\000r\000u\000n\000g\000\040\000d\000e\000s\000\040\000S\000a\000t\000z\000e\000s}{section.17.5}% 251
\BOOKMARK [2][-]{subsection.17.5.4}{\376\377\000R\000\374\000c\000k\000k\000e\000h\000r\000\040\000z\000u\000m\000\040\000S\000i\000n\000u\000s}{section.17.5}% 252
\BOOKMARK [1][-]{section.17.6}{\376\377\000D\000i\000e\000\040\000G\000a\000m\000m\000a\000-\000F\000u\000n\000k\000t\000i\000o\000n\000\040\000u\000n\000d\000\040\000i\000h\000r\000e\000\040\000P\000r\000o\000d\000u\000k\000t\000d\000a\000r\000s\000t\000e\000l\000l\000u\000n\000g}{chapter.17}% 253
\BOOKMARK [2][-]{subsection.17.6.1}{\376\377\000D\000e\000f\000i\000n\000i\000t\000i\000o\000n\000\040\000u\000n\000d\000\040\000e\000r\000s\000t\000e\000\040\000E\000i\000g\000e\000n\000s\000c\000h\000a\000f\000t\000e\000n}{section.17.6}% 254
\BOOKMARK [2][-]{subsection.17.6.2}{\376\377\000D\000i\000e\000\040\000W\000e\000i\000e\000r\000s\000t\000r\000a\000\337\000-\000P\000r\000o\000d\000u\000k\000t\000d\000a\000r\000s\000t\000e\000l\000l\000u\000n\000g}{section.17.6}% 255
\BOOKMARK [2][-]{subsection.17.6.3}{\376\377\000D\000i\000e\000\040\000R\000e\000f\000l\000e\000x\000i\000o\000n\000s\000f\000o\000r\000m\000e\000l}{section.17.6}% 256
\BOOKMARK [1][-]{section.17.7}{\376\377\000F\000a\000z\000i\000t\000\040\000u\000n\000d\000\040\000A\000u\000s\000b\000l\000i\000c\000k}{chapter.17}% 257
\BOOKMARK [2][-]{subsection.17.7.1}{\376\377\000M\000a\000t\000h\000e\000m\000a\000t\000i\000s\000c\000h\000e\000\040\000E\000i\000n\000o\000r\000d\000n\000u\000n\000g}{section.17.7}% 258
\BOOKMARK [2][-]{subsection.17.7.2}{\376\377\000P\000r\000a\000k\000t\000i\000s\000c\000h\000e\000\040\000A\000n\000w\000e\000n\000d\000u\000n\000g\000e\000n}{section.17.7}% 259
\BOOKMARK [0][-]{chapter.18}{\376\377\000T\000h\000e\000m\000a}{part.2}% 260
\BOOKMARK [1][-]{section.18.1}{\376\377\000T\000e\000i\000l\000\040\0000}{chapter.18}% 261
\BOOKMARK [1][-]{section.18.2}{\376\377\000T\000e\000i\000l\000\040\0001\000\040}{chapter.18}% 262
\BOOKMARK [2][-]{subsection.18.2.1}{\376\377\000D\000e\000\040\000f\000i\000n\000i\000b\000u\000s\000\040\000b\000o\000n\000o\000r\000u\000m\000\040\000e\000t\000\040\000m\000a\000l\000o\000r\000u\000m\000\040}{section.18.2}% 263
\BOOKMARK [1][-]{section.18.3}{\376\377\000T\000e\000i\000l\000\040\0002\000\040}{chapter.18}% 264
\BOOKMARK [2][-]{subsection.18.3.1}{\376\377\000D\000e\000\040\000f\000i\000n\000i\000b\000u\000s\000\040\000b\000o\000n\000o\000r\000u\000m\000\040\000e\000t\000\040\000m\000a\000l\000o\000r\000u\000m\000\040}{section.18.3}% 265
\BOOKMARK [1][-]{section.18.4}{\376\377\000T\000e\000i\000l\000\040\0003\000\040}{chapter.18}% 266
\BOOKMARK [2][-]{subsection.18.4.1}{\376\377\000D\000e\000\040\000f\000i\000n\000i\000b\000u\000s\000\040\000b\000o\000n\000o\000r\000u\000m\000\040\000e\000t\000\040\000m\000a\000l\000o\000r\000u\000m\000\040}{section.18.4}% 267
\BOOKMARK [0][-]{chapter.19}{\376\377\000W\000e\000y\000l\000s\000\040\000Q\000u\000a\000d\000t\000r\000e\000e\000-\000A\000l\000g\000o\000r\000i\000t\000h\000m\000u\000s}{part.2}% 268
\BOOKMARK [1][-]{section.19.1}{\376\377\000E\000i\000n\000l\000e\000i\000t\000u\000n\000g}{chapter.19}% 269
\BOOKMARK [2][-]{subsection.19.1.1}{\376\377\000I\000d\000e\000e\000\040\000a\000u\000s\000\040\000d\000e\000m\000\040\000R\000e\000e\000l\000l\000e\000n\000:\000\040\000B\000i\000s\000e\000k\000t\000i\000o\000n}{section.19.1}% 270
\BOOKMARK [2][-]{subsection.19.1.2}{\376\377\000A\000u\000f\000b\000a\000u\000\040\000d\000i\000e\000s\000e\000s\000\040\000K\000a\000p\000i\000t\000e\000l\000s}{section.19.1}% 271
\BOOKMARK [1][-]{section.19.2}{\376\377\000M\000a\000t\000h\000e\000m\000a\000t\000i\000s\000c\000h\000e\000\040\000W\000e\000r\000k\000z\000e\000u\000g\000e}{chapter.19}% 272
\BOOKMARK [2][-]{subsection.19.2.1}{\376\377\000W\000e\000g\000i\000n\000t\000e\000g\000r\000a\000l\000\040\000u\000n\000d\000\040\000C\000a\000u\000c\000h\000y\000-\000I\000n\000t\000e\000g\000r\000a\000l\000s\000a\000t\000z}{section.19.2}% 273
\BOOKMARK [2][-]{subsection.19.2.2}{\376\377\000D\000i\000e\000\040\000K\000e\000r\000n\000i\000d\000e\000e\000:\000\040\000F\000a\000k\000t\000o\000r\000i\000s\000i\000e\000r\000e\000n\000\040\000m\000a\000c\000h\000t\000\040\000N\000u\000l\000l\000s\000t\000e\000l\000l\000e\000n\000\040\000z\000u\000\040\000P\000o\000l\000e\000n}{section.19.2}% 274
\BOOKMARK [2][-]{subsection.19.2.3}{\376\377\000G\000e\000o\000m\000e\000t\000r\000i\000s\000c\000h\000e\000\040\000A\000n\000s\000c\000h\000a\000u\000u\000n\000g\000:\000\040\000d\000a\000s\000\040\000A\000r\000g\000u\000m\000e\000n\000t\000\040\000d\000r\000e\000h\000t\000\040\000s\000i\000c\000h}{section.19.2}% 275
\BOOKMARK [2][-]{subsection.19.2.4}{\376\377\000V\000o\000m\000\040\000W\000e\000g\000i\000n\000t\000e\000g\000r\000a\000l\000\040\000z\000u\000m\000\040\000N\000u\000l\000l\000s\000t\000e\000l\000l\000e\000n\000t\000e\000s\000t}{section.19.2}% 276
\BOOKMARK [1][-]{section.19.3}{\376\377\000D\000e\000r\000\040\000Q\000u\000a\000d\000t\000r\000e\000e\000-\000A\000l\000g\000o\000r\000i\000t\000h\000m\000u\000s}{chapter.19}% 277
\BOOKMARK [2][-]{subsection.19.3.1}{\376\377\000D\000a\000s\000\040\000S\000t\000a\000r\000t\000q\000u\000a\000d\000r\000a\000t}{section.19.3}% 278
\BOOKMARK [2][-]{subsection.19.3.2}{\376\377\000V\000i\000e\000r\000t\000e\000l\000n\000,\000\040\000Z\000\344\000h\000l\000e\000n\000,\000\040\000V\000e\000r\000w\000e\000r\000f\000e\000n}{section.19.3}% 279
\BOOKMARK [2][-]{subsection.19.3.3}{\376\377\000A\000b\000b\000r\000u\000c\000h\000\040\000u\000n\000d\000\040\000\334\000b\000e\000r\000g\000a\000b\000e}{section.19.3}% 280
\BOOKMARK [2][-]{subsection.19.3.4}{\376\377\000P\000s\000e\000u\000d\000o\000c\000o\000d\000e}{section.19.3}% 281
\BOOKMARK [2][-]{subsection.19.3.5}{\376\377\000E\000i\000n\000\040\000d\000u\000r\000c\000h\000g\000e\000r\000e\000c\000h\000n\000e\000t\000e\000s\000\040\000B\000e\000i\000s\000p\000i\000e\000l}{section.19.3}% 282
\BOOKMARK [2][-]{subsection.19.3.6}{\376\377\000M\000e\000h\000r\000f\000a\000c\000h\000e\000\040\000N\000u\000l\000l\000s\000t\000e\000l\000l\000e\000n\000\040\000u\000n\000d\000\040\000S\000o\000n\000d\000e\000r\000f\000\344\000l\000l\000e}{section.19.3}% 283
\BOOKMARK [1][-]{section.19.4}{\376\377\000H\000y\000b\000r\000i\000d\000\040\000m\000i\000t\000\040\000d\000e\000m\000\040\000N\000e\000w\000t\000o\000n\000-\000V\000e\000r\000f\000a\000h\000r\000e\000n\000\040\000u\000n\000d\000\040\000E\000i\000n\000o\000r\000d\000n\000u\000n\000g}{chapter.19}% 284
\BOOKMARK [2][-]{subsection.19.4.1}{\376\377\000W\000a\000n\000n\000\040\000d\000e\000r\000\040\000Q\000u\000a\000d\000t\000r\000e\000e\000\040\000a\000n\000\040\000N\000e\000w\000t\000o\000n\000\040\000\374\000b\000e\000r\000g\000i\000b\000t}{section.19.4}% 285
\BOOKMARK [2][-]{subsection.19.4.2}{\376\377\000S\000t\000\344\000r\000k\000e\000n\000\040\000u\000n\000d\000\040\000S\000c\000h\000w\000\344\000c\000h\000e\000n}{section.19.4}% 286
\BOOKMARK [2][-]{subsection.19.4.3}{\376\377\000H\000i\000s\000t\000o\000r\000i\000s\000c\000h\000e\000\040\000u\000n\000d\000\040\000p\000r\000a\000k\000t\000i\000s\000c\000h\000e\000\040\000E\000i\000n\000o\000r\000d\000n\000u\000n\000g}{section.19.4}% 287
\BOOKMARK [2][-]{subsection.19.4.4}{\376\377\000F\000a\000z\000i\000t}{section.19.4}% 288
\BOOKMARK [0][-]{chapter.20}{\376\377\000D\000i\000e\000\040\000S\000u\000m\000m\000e\000\040\000a\000l\000l\000e\000r\000\040\000n\000a\000t\000\374\000r\000l\000i\000c\000h\000e\000n\000\040\000Z\000a\000h\000l\000e\000n\000\040\000u\000n\000d\000\040\000d\000i\000e\000\040\000r\000i\000e\000m\000a\000n\000n\000s\000c\000h\000e\000\040\000Z\000e\000t\000a\000-\000F\000u\000n\000k\000t\000i\000o\000n}{part.2}% 289
\BOOKMARK [1][-]{section.20.1}{\376\377\000E\000i\000n\000l\000e\000i\000t\000u\000n\000g}{chapter.20}% 290
\BOOKMARK [1][-]{section.20.2}{\376\377\000T\000e\000i\000l\000\040\0001\000\040}{chapter.20}% 291
\BOOKMARK [1][-]{section.20.3}{\376\377\000K\000o\000n\000v\000e\000r\000g\000e\000n\000t\000e\000\040\000u\000n\000d\000\040\000d\000i\000v\000e\000r\000g\000e\000n\000t\000e\000\040\000R\000e\000i\000h\000e\000n\000\040}{chapter.20}% 292
\BOOKMARK [1][-]{section.20.4}{\376\377\000R\000i\000e\000m\000a\000n\000n\000s\000c\000h\000e\000\040\000Z\000e\000t\000a\000-\000F\000u\000n\000k\000t\000i\000o\000n}{chapter.20}% 293
\BOOKMARK [1][-]{section.20.5}{\376\377\000A\000n\000a\000l\000y\000t\000i\000s\000c\000h\000e\000\040\000F\000o\000r\000t\000s\000e\000t\000z\000u\000n\000g\000\040}{chapter.20}% 294
\BOOKMARK [2][-]{subsection.20.5.1}{\376\377\000A\000n\000w\000e\000n\000d\000u\000n\000g\000\040\000a\000u\000f\000\040\000d\000i\000e\000\040\000Z\000e\000t\000a\000-\000F\000u\000n\000k\000t\000i\000o\000n}{section.20.5}% 295
\BOOKMARK [1][-]{section.20.6}{\376\377\000F\000a\000z\000i\000t\000\040}{chapter.20}% 296
\BOOKMARK [0][-]{chapter.21}{\376\377\000B\000e\000s\000s\000e\000l\000-\000F\000u\000n\000k\000t\000i\000o\000n\000e\000n}{part.2}% 297
\BOOKMARK [1][-]{section.21.1}{\376\377\000T\000e\000i\000l\000\040\0000}{chapter.21}% 298
\BOOKMARK [1][-]{section.21.2}{\376\377\000T\000e\000i\000l\000\040\0001\000\040}{chapter.21}% 299
\BOOKMARK [2][-]{subsection.21.2.1}{\376\377\000D\000e\000\040\000f\000i\000n\000i\000b\000u\000s\000\040\000b\000o\000n\000o\000r\000u\000m\000\040\000e\000t\000\040\000m\000a\000l\000o\000r\000u\000m\000\040}{section.21.2}% 300
\BOOKMARK [1][-]{section.21.3}{\376\377\000T\000e\000i\000l\000\040\0002\000\040}{chapter.21}% 301
\BOOKMARK [2][-]{subsection.21.3.1}{\376\377\000D\000e\000\040\000f\000i\000n\000i\000b\000u\000s\000\040\000b\000o\000n\000o\000r\000u\000m\000\040\000e\000t\000\040\000m\000a\000l\000o\000r\000u\000m\000\040}{section.21.3}% 302
\BOOKMARK [1][-]{section.21.4}{\376\377\000T\000e\000i\000l\000\040\0003\000\040}{chapter.21}% 303
\BOOKMARK [2][-]{subsection.21.4.1}{\376\377\000D\000e\000\040\000f\000i\000n\000i\000b\000u\000s\000\040\000b\000o\000n\000o\000r\000u\000m\000\040\000e\000t\000\040\000m\000a\000l\000o\000r\000u\000m\000\040}{section.21.4}% 304
\BOOKMARK [0][-]{chapter.22}{\376\377\000L\000\366\000s\000u\000n\000g\000\040\000v\000o\000n\000\040\000P\000o\000l\000y\000n\000o\000m\000g\000l\000e\000i\000c\000h\000u\000n\000g\000e\000n}{part.2}% 305
\BOOKMARK [1][-]{section.22.1}{\376\377\000T\000e\000i\000l\000\040\0000}{chapter.22}% 306
\BOOKMARK [1][-]{section.22.2}{\376\377\000T\000e\000i\000l\000\040\0001\000\040}{chapter.22}% 307
\BOOKMARK [2][-]{subsection.22.2.1}{\376\377\000D\000e\000\040\000f\000i\000n\000i\000b\000u\000s\000\040\000b\000o\000n\000o\000r\000u\000m\000\040\000e\000t\000\040\000m\000a\000l\000o\000r\000u\000m\000\040}{section.22.2}% 308
\BOOKMARK [1][-]{section.22.3}{\376\377\000T\000e\000i\000l\000\040\0002\000\040}{chapter.22}% 309
\BOOKMARK [2][-]{subsection.22.3.1}{\376\377\000D\000e\000\040\000f\000i\000n\000i\000b\000u\000s\000\040\000b\000o\000n\000o\000r\000u\000m\000\040\000e\000t\000\040\000m\000a\000l\000o\000r\000u\000m\000\040}{section.22.3}% 310
\BOOKMARK [1][-]{section.22.4}{\376\377\000T\000e\000i\000l\000\040\0003\000\040}{chapter.22}% 311
\BOOKMARK [2][-]{subsection.22.4.1}{\376\377\000D\000e\000\040\000f\000i\000n\000i\000b\000u\000s\000\040\000b\000o\000n\000o\000r\000u\000m\000\040\000e\000t\000\040\000m\000a\000l\000o\000r\000u\000m\000\040}{section.22.4}% 312
\BOOKMARK [0][-]{chapter.23}{\376\377\000M\000\366\000b\000i\000u\000s\000\040\000T\000r\000a\000n\000s\000f\000o\000r\000m\000a\000t\000i\000o\000n\000e\000n}{part.2}% 313
\BOOKMARK [1][-]{section.23.1}{\376\377\000E\000i\000n\000f\000\374\000h\000r\000u\000n\000g}{chapter.23}% 314
\BOOKMARK [1][-]{section.23.2}{\376\377\000A\000l\000l\000g\000e\000m\000e\000i\000n\000e\000r\000\040\000A\000u\000f\000b\000a\000u\000\040\000e\000i\000n\000e\000r\000\040\000M\000\366\000b\000i\000u\000s\000\040\000T\000r\000a\000n\000s\000f\000o\000r\000m\000a\000t\000i\000o\000n\000\040}{chapter.23}% 315
\BOOKMARK [1][-]{section.23.3}{\376\377\000I\000n\000v\000e\000r\000s\000i\000o\000n\000\040}{chapter.23}% 316
\BOOKMARK [2][-]{subsection.23.3.1}{\376\377\000I\000n\000v\000e\000r\000s\000i\000o\000n\000\040\000i\000n\000\040\000d\000e\000r\000\040\000k\000o\000m\000p\000l\000e\000x\000e\000n\000\040\000E\000b\000e\000n\000e}{section.23.3}% 317
\BOOKMARK [1][-]{section.23.4}{\376\377\000K\000o\000m\000b\000i\000n\000a\000t\000i\000o\000n\000\040\000v\000o\000n\000\040\000M\000\366\000b\000i\000u\000s\000\040\000T\000r\000a\000n\000s\000f\000o\000r\000m\000a\000t\000i\000o\000n\000e\000n\000\040}{chapter.23}% 318
\BOOKMARK [1][-]{section.23.5}{\376\377\000B\000e\000s\000t\000i\000m\000m\000u\000n\000g\000\040\000d\000u\000r\000c\000h\000\040\000d\000r\000e\000i\000\040\000P\000u\000n\000k\000t\000e\000\040}{chapter.23}% 319
\BOOKMARK [1][-]{section.23.6}{\376\377\000M\000a\000t\000r\000i\000x\000d\000a\000r\000s\000t\000e\000l\000l\000u\000n\000g\000\040}{chapter.23}% 320
\BOOKMARK [2][-]{subsection.23.6.1}{\376\377\000E\000i\000n\000f\000a\000c\000h\000e\000r\000e\000\040\000D\000a\000r\000s\000t\000e\000l\000l\000u\000n\000g\000\040\000v\000o\000n\000\040\000M\000\366\000b\000i\000u\000s\000-\000T\000r\000a\000n\000s\000f\000o\000r\000m\000a\000t\000i\000o\000n\000e\000n}{section.23.6}% 321
\BOOKMARK [2][-]{subsection.23.6.2}{\376\377\000V\000e\000r\000k\000e\000t\000t\000u\000n\000g\000\040\000v\000o\000n\000\040\000T\000r\000a\000n\000s\000f\000o\000r\000m\000a\000t\000i\000o\000n\000e\000n}{section.23.6}% 322
\BOOKMARK [1][-]{section.23.7}{\376\377\000R\000i\000e\000m\000a\000n\000n\000s\000c\000h\000e\000\040\000Z\000a\000h\000l\000e\000n\000k\000u\000g\000e\000l\000\040}{chapter.23}% 323
\BOOKMARK [2][-]{subsection.23.7.1}{\376\377\000G\000e\000o\000m\000e\000t\000r\000i\000s\000c\000h\000e\000\040\000I\000n\000t\000e\000r\000p\000r\000e\000t\000a\000t\000i\000o\000n}{section.23.7}% 324
\BOOKMARK [2][-]{subsection.23.7.2}{\376\377\000G\000e\000r\000a\000d\000e\000n\000\040\000u\000n\000d\000\040\000K\000r\000e\000i\000s\000e}{section.23.7}% 325
\BOOKMARK [1][-]{section.23.8}{\376\377\000S\000p\000e\000z\000i\000a\000l\000f\000a\000l\000l\000\040\000r\000e\000e\000l\000l\000e\000\040\000Z\000a\000h\000l\000e\000n\000\040}{chapter.23}% 326
\BOOKMARK [2][-]{subsection.23.8.1}{\376\377\000M\000\366\000b\000i\000u\000s\000-\000T\000r\000a\000n\000s\000f\000o\000r\000m\000a\000t\000i\000o\000n\000e\000n\000\040\000a\000u\000f\000\040\000d\000e\000r\000\040\000r\000e\000e\000l\000l\000e\000n\000\040\000A\000c\000h\000s\000e}{section.23.8}% 327
\BOOKMARK [2][-]{subsection.23.8.2}{\376\377\000I\000n\000t\000e\000r\000p\000r\000e\000t\000a\000t\000i\000o\000n\000\040\000d\000e\000r\000\040\000P\000a\000r\000a\000m\000e\000t\000e\000r}{section.23.8}% 328
\BOOKMARK [2][-]{subsection.23.8.3}{\376\377\000G\000e\000o\000m\000e\000t\000r\000i\000s\000c\000h\000e\000\040\000I\000n\000t\000e\000r\000p\000r\000e\000t\000a\000t\000i\000o\000n}{section.23.8}% 329
\BOOKMARK [0][-]{chapter.24}{\376\377\000D\000e\000r\000\040\000H\000a\000u\000p\000t\000w\000e\000r\000t\000\040\000e\000i\000n\000e\000s\000\040\000d\000i\000v\000e\000r\000g\000e\000n\000t\000e\000n\000\040\000I\000n\000t\000e\000g\000r\000a\000l\000s}{part.2}% 330
\BOOKMARK [1][-]{section.24.1}{\376\377\000T\000e\000i\000l\000\040\0000}{chapter.24}% 331
\BOOKMARK [1][-]{section.24.2}{\376\377\000T\000e\000i\000l\000\040\0001\000\040}{chapter.24}% 332
\BOOKMARK [2][-]{subsection.24.2.1}{\376\377\000D\000e\000\040\000f\000i\000n\000i\000b\000u\000s\000\040\000b\000o\000n\000o\000r\000u\000m\000\040\000e\000t\000\040\000m\000a\000l\000o\000r\000u\000m\000\040}{section.24.2}% 333
\BOOKMARK [1][-]{section.24.3}{\376\377\000T\000e\000i\000l\000\040\0002\000\040}{chapter.24}% 334
\BOOKMARK [2][-]{subsection.24.3.1}{\376\377\000D\000e\000\040\000f\000i\000n\000i\000b\000u\000s\000\040\000b\000o\000n\000o\000r\000u\000m\000\040\000e\000t\000\040\000m\000a\000l\000o\000r\000u\000m\000\040}{section.24.3}% 335
\BOOKMARK [1][-]{section.24.4}{\376\377\000T\000e\000i\000l\000\040\0003\000\040}{chapter.24}% 336
\BOOKMARK [2][-]{subsection.24.4.1}{\376\377\000D\000e\000\040\000f\000i\000n\000i\000b\000u\000s\000\040\000b\000o\000n\000o\000r\000u\000m\000\040\000e\000t\000\040\000m\000a\000l\000o\000r\000u\000m\000\040}{section.24.4}% 337
\BOOKMARK [0][-]{chapter.25}{\376\377\000K\000o\000m\000p\000l\000e\000x\000e\000\040\000Z\000a\000h\000l\000e\000n\000\040\000u\000n\000d\000\040\000g\000e\000o\000m\000e\000t\000r\000i\000s\000c\000h\000e\000\040\000K\000o\000n\000s\000t\000r\000u\000k\000t\000i\000o\000n\000e\000n\000\040}{part.2}% 338
\BOOKMARK [1][-]{section.25.1}{\376\377\000A\000l\000g\000e\000b\000r\000a\000\040\000t\000r\000i\000f\000f\000t\000\040\000G\000e\000o\000m\000e\000t\000r\000i\000e\000\040}{chapter.25}% 339
\BOOKMARK [2][-]{subsection.25.1.1}{\376\377\000M\000o\000t\000i\000v\000a\000t\000i\000o\000n\000\040\000u\000n\000d\000\040\000h\000i\000s\000t\000o\000r\000i\000s\000c\000h\000e\000r\000\040\000K\000o\000n\000t\000e\000x\000t\000\040}{section.25.1}% 340
\BOOKMARK [2][-]{subsection.25.1.2}{\376\377\000Z\000i\000e\000l\000\040\000u\000n\000d\000\040\000A\000u\000f\000b\000a\000u\000\040\000d\000e\000r\000\040\000A\000r\000b\000e\000i\000t\000\040}{section.25.1}% 341
\BOOKMARK [1][-]{section.25.2}{\376\377\000K\000o\000m\000p\000l\000e\000x\000e\000\040\000Z\000a\000h\000l\000e\000n\000\040\000a\000l\000s\000\040\000P\000u\000n\000k\000t\000e\000\040\000d\000e\000r\000\040\000E\000b\000e\000n\000e\000\040}{chapter.25}% 342
\BOOKMARK [2][-]{subsection.25.2.1}{\376\377\000A\000l\000g\000e\000b\000r\000a\000i\000s\000c\000h\000e\000\040\000F\000o\000r\000m\000\040\000u\000n\000d\000\040\000g\000a\000u\000s\000s\000s\000c\000h\000e\000\040\000Z\000a\000h\000l\000e\000n\000e\000b\000e\000n\000e\000\040}{section.25.2}% 343
\BOOKMARK [2][-]{subsection.25.2.2}{\376\377\000A\000d\000d\000i\000t\000i\000o\000n\000,\000\040\000S\000u\000b\000t\000r\000a\000k\000t\000i\000o\000n\000\040\000u\000n\000d\000\040\000T\000r\000a\000n\000s\000l\000a\000t\000i\000o\000n\000\040}{section.25.2}% 344
\BOOKMARK [2][-]{subsection.25.2.3}{\376\377\000M\000u\000l\000t\000i\000p\000l\000i\000k\000a\000t\000i\000o\000n\000\040\000a\000l\000s\000\040\000D\000r\000e\000h\000s\000t\000r\000e\000c\000k\000u\000n\000g\000\040}{section.25.2}% 345
\BOOKMARK [2][-]{subsection.25.2.4}{\376\377\000B\000e\000t\000r\000a\000g\000,\000\040\000K\000o\000n\000j\000u\000g\000a\000t\000i\000o\000n\000\040\000u\000n\000d\000\040\000A\000b\000s\000t\000a\000n\000d\000\040}{section.25.2}% 346
\BOOKMARK [1][-]{section.25.3}{\376\377\000P\000o\000l\000a\000r\000d\000a\000r\000s\000t\000e\000l\000l\000u\000n\000g\000\040\000u\000n\000d\000\040\000D\000r\000e\000h\000u\000n\000g\000\040}{chapter.25}% 347
\BOOKMARK [2][-]{subsection.25.3.1}{\376\377\000P\000o\000l\000a\000r\000f\000o\000r\000m\000\040\000e\000i\000n\000e\000r\000\040\000k\000o\000m\000p\000l\000e\000x\000e\000n\000\040\000Z\000a\000h\000l\000\040}{section.25.3}% 348
\BOOKMARK [2][-]{subsection.25.3.2}{\376\377\000M\000u\000l\000t\000i\000p\000l\000i\000k\000a\000t\000i\000o\000n\000\040\000a\000l\000s\000\040\000R\000o\000t\000a\000t\000i\000o\000n\000\040}{section.25.3}% 349
\BOOKMARK [2][-]{subsection.25.3.3}{\376\377\000D\000e\000r\000\040\000D\000r\000e\000h\000f\000a\000k\000t\000o\000r\000\040}{section.25.3}% 350
\BOOKMARK [1][-]{section.25.4}{\376\377\000P\000u\000n\000k\000t\000e\000,\000\040\000L\000i\000n\000i\000e\000n\000\040\000u\000n\000d\000\040\000K\000r\000e\000i\000s\000e\000\040\000i\000n\000\040\000d\000e\000r\000\040\000g\000a\000u\000s\000s\000s\000c\000h\000e\000n\000\040\000E\000b\000e\000n\000e\000\040}{chapter.25}% 351
\BOOKMARK [2][-]{subsection.25.4.1}{\376\377\000S\000t\000r\000e\000c\000k\000e\000n\000\040\000a\000l\000s\000\040\000D\000i\000f\000f\000e\000r\000e\000n\000z\000e\000n\000\040\000k\000o\000m\000p\000l\000e\000x\000e\000r\000\040\000Z\000a\000h\000l\000e\000n\000\040}{section.25.4}% 352
\BOOKMARK [2][-]{subsection.25.4.2}{\376\377\000G\000e\000r\000a\000d\000e\000n\000,\000\040\000M\000i\000t\000t\000e\000l\000s\000e\000n\000k\000r\000e\000c\000h\000t\000e\000\040\000u\000n\000d\000\040\000P\000a\000r\000a\000m\000e\000t\000e\000r\000d\000a\000r\000s\000t\000e\000l\000l\000u\000n\000g\000\040}{section.25.4}% 353
\BOOKMARK [2][-]{subsection.25.4.3}{\376\377\000K\000r\000e\000i\000s\000e\000\040\000a\000l\000s\000\040\000N\000i\000v\000e\000a\000u\000m\000e\000n\000g\000e\000n\000\040\000d\000e\000s\000\040\000B\000e\000t\000r\000a\000g\000s\000\040}{section.25.4}% 354
\BOOKMARK [2][-]{subsection.25.4.4}{\376\377\000K\000o\000l\000l\000i\000n\000e\000a\000r\000i\000t\000\344\000t\000\040\000u\000n\000d\000\040\000W\000i\000n\000k\000e\000l\000\040}{section.25.4}% 355
\BOOKMARK [1][-]{section.25.5}{\376\377\000K\000o\000n\000s\000t\000r\000u\000k\000t\000i\000o\000n\000\040\000g\000l\000e\000i\000c\000h\000s\000e\000i\000t\000i\000g\000e\000r\000\040\000D\000r\000e\000i\000e\000c\000k\000e\000\040}{chapter.25}% 356
\BOOKMARK [2][-]{subsection.25.5.1}{\376\377\000D\000r\000e\000h\000f\000a\000k\000t\000o\000r\000\040\000f\000\374\000r\000\040\0006\0000\000\260\000\040}{section.25.5}% 357
\BOOKMARK [2][-]{subsection.25.5.2}{\376\377\000K\000o\000n\000s\000t\000r\000u\000k\000t\000i\000o\000n\000\040\000e\000i\000n\000e\000s\000\040\000g\000l\000e\000i\000c\000h\000s\000e\000i\000t\000i\000g\000e\000n\000\040\000D\000r\000e\000i\000e\000c\000k\000s\000\040\000a\000u\000s\000\040\000z\000w\000e\000i\000\040\000P\000u\000n\000k\000t\000e\000n\000\040}{section.25.5}% 358
\BOOKMARK [2][-]{subsection.25.5.3}{\376\377\000S\000c\000h\000w\000e\000r\000p\000u\000n\000k\000t\000\040\000u\000n\000d\000\040\000S\000y\000m\000m\000e\000t\000r\000i\000e\000e\000i\000g\000e\000n\000s\000c\000h\000a\000f\000t\000e\000n\000\040}{section.25.5}% 359
\BOOKMARK [2][-]{subsection.25.5.4}{\376\377\000N\000u\000m\000e\000r\000i\000s\000c\000h\000e\000s\000\040\000B\000e\000i\000s\000p\000i\000e\000l\000\040}{section.25.5}% 360
\BOOKMARK [1][-]{section.25.6}{\376\377\000D\000a\000s\000\040\000N\000a\000p\000o\000l\000e\000o\000n\000-\000D\000r\000e\000i\000e\000c\000k\000\040}{chapter.25}% 361
\BOOKMARK [2][-]{subsection.25.6.1}{\376\377\000H\000i\000s\000t\000o\000r\000i\000s\000c\000h\000e\000r\000\040\000H\000i\000n\000t\000e\000r\000g\000r\000u\000n\000d\000\040\000u\000n\000d\000\040\000B\000e\000d\000e\000u\000t\000u\000n\000g\000\040}{section.25.6}% 362
\BOOKMARK [2][-]{subsection.25.6.2}{\376\377\000G\000e\000o\000m\000e\000t\000r\000i\000s\000c\000h\000e\000\040\000K\000o\000n\000s\000t\000r\000u\000k\000t\000i\000o\000n\000\040}{section.25.6}% 363
\BOOKMARK [2][-]{subsection.25.6.3}{\376\377\000A\000l\000g\000e\000b\000r\000a\000i\000s\000c\000h\000e\000\040\000B\000e\000s\000c\000h\000r\000e\000i\000b\000u\000n\000g\000\040\000m\000i\000t\000\040\000k\000o\000m\000p\000l\000e\000x\000e\000n\000\040\000Z\000a\000h\000l\000e\000n\000\040}{section.25.6}% 364
\BOOKMARK [2][-]{subsection.25.6.4}{\376\377\000N\000u\000m\000e\000r\000i\000s\000c\000h\000e\000s\000\040\000F\000a\000l\000l\000b\000e\000i\000s\000p\000i\000e\000l\000\040}{section.25.6}% 365
\BOOKMARK [1][-]{section.25.7}{\376\377\000B\000e\000w\000e\000i\000s\000\040\000d\000e\000s\000\040\000S\000a\000t\000z\000e\000s\000\040\000v\000o\000n\000\040\000N\000a\000p\000o\000l\000e\000o\000n\000\040}{chapter.25}% 366
\BOOKMARK [2][-]{subsection.25.7.1}{\376\377\000F\000o\000r\000m\000u\000l\000i\000e\000r\000u\000n\000g\000\040\000d\000e\000s\000\040\000S\000a\000t\000z\000e\000s\000\040}{section.25.7}% 367
\BOOKMARK [2][-]{subsection.25.7.2}{\376\377\000B\000e\000w\000e\000i\000s\000i\000d\000e\000e\000\040\000u\000n\000d\000\040\000C\000h\000a\000r\000a\000k\000t\000e\000r\000i\000s\000i\000e\000r\000u\000n\000g\000\040\000d\000e\000r\000\040\000G\000l\000e\000i\000c\000h\000s\000e\000i\000t\000i\000g\000k\000e\000i\000t\000\040}{section.25.7}% 368
\BOOKMARK [2][-]{subsection.25.7.3}{\376\377\000A\000l\000g\000e\000b\000r\000a\000i\000s\000c\000h\000e\000\040\000D\000u\000r\000c\000h\000f\000\374\000h\000r\000u\000n\000g\000\040}{section.25.7}% 369
\BOOKMARK [2][-]{subsection.25.7.4}{\376\377\000D\000i\000s\000k\000u\000s\000s\000i\000o\000n\000\040\000d\000e\000r\000\040\000B\000e\000w\000e\000i\000s\000s\000t\000r\000a\000t\000e\000g\000i\000e\000\040}{section.25.7}% 370
\BOOKMARK [1][-]{section.25.8}{\376\377\000R\000\374\000c\000k\000b\000l\000i\000c\000k\000\040\000u\000n\000d\000\040\000A\000u\000s\000b\000l\000i\000c\000k\000\040}{chapter.25}% 371
\BOOKMARK [0][-]{chapter.26}{\376\377\000D\000i\000e\000\040\000G\000a\000m\000m\000a\000-\000F\000u\000n\000k\000t\000i\000o\000n}{part.2}% 372
\BOOKMARK [1][-]{section.26.1}{\376\377\000F\000a\000k\000u\000l\000t\000\344\000t\000\040\000e\000r\000w\000e\000i\000t\000e\000r\000n}{chapter.26}% 373
\BOOKMARK [2][-]{subsection.26.1.1}{\376\377\000E\000i\000g\000e\000n\000s\000c\000h\000a\000f\000t\000e\000n\000\040\000d\000e\000r\000\040\000F\000a\000k\000u\000l\000t\000\344\000t}{section.26.1}% 374
\BOOKMARK [1][-]{section.26.2}{\376\377\000G\000a\000m\000m\000a\000-\000F\000u\000n\000k\000t\000i\000o\000n\000\040}{chapter.26}% 375
\BOOKMARK [1][-]{section.26.3}{\376\377\000G\000e\000s\000c\000h\000i\000c\000h\000t\000e\000\040}{chapter.26}% 376
\BOOKMARK [1][-]{section.26.4}{\376\377\000P\000i\000\040\000i\000n\000\040\000d\000e\000r\000\040\000G\000a\000m\000m\000a\000-\000F\000u\000n\000k\000t\000i\000o\000n\000\040}{chapter.26}% 377
\BOOKMARK [1][-]{section.26.5}{\376\377\000K\000u\000g\000e\000l\000n}{chapter.26}% 378
\BOOKMARK [0][-]{chapter.27}{\376\377\000T\000h\000e\000m\000a}{part.2}% 379
\BOOKMARK [1][-]{section.27.1}{\376\377\000T\000e\000i\000l\000\040\0000}{chapter.27}% 380
\BOOKMARK [1][-]{section.27.2}{\376\377\000T\000e\000i\000l\000\040\0001\000\040}{chapter.27}% 381
\BOOKMARK [2][-]{subsection.27.2.1}{\376\377\000D\000e\000\040\000f\000i\000n\000i\000b\000u\000s\000\040\000b\000o\000n\000o\000r\000u\000m\000\040\000e\000t\000\040\000m\000a\000l\000o\000r\000u\000m\000\040}{section.27.2}% 382
\BOOKMARK [1][-]{section.27.3}{\376\377\000T\000e\000i\000l\000\040\0002\000\040}{chapter.27}% 383
\BOOKMARK [2][-]{subsection.27.3.1}{\376\377\000D\000e\000\040\000f\000i\000n\000i\000b\000u\000s\000\040\000b\000o\000n\000o\000r\000u\000m\000\040\000e\000t\000\040\000m\000a\000l\000o\000r\000u\000m\000\040}{section.27.3}% 384
\BOOKMARK [1][-]{section.27.4}{\376\377\000T\000e\000i\000l\000\040\0003\000\040}{chapter.27}% 385
\BOOKMARK [2][-]{subsection.27.4.1}{\376\377\000D\000e\000\040\000f\000i\000n\000i\000b\000u\000s\000\040\000b\000o\000n\000o\000r\000u\000m\000\040\000e\000t\000\040\000m\000a\000l\000o\000r\000u\000m\000\040}{section.27.4}% 386
\BOOKMARK [0][-]{chapter.28}{\376\377\000T\000h\000e\000m\000a}{part.2}% 387
\BOOKMARK [1][-]{section.28.1}{\376\377\000T\000e\000i\000l\000\040\0000}{chapter.28}% 388
\BOOKMARK [1][-]{section.28.2}{\376\377\000T\000e\000i\000l\000\040\0001\000\040}{chapter.28}% 389
\BOOKMARK [2][-]{subsection.28.2.1}{\376\377\000D\000e\000\040\000f\000i\000n\000i\000b\000u\000s\000\040\000b\000o\000n\000o\000r\000u\000m\000\040\000e\000t\000\040\000m\000a\000l\000o\000r\000u\000m\000\040}{section.28.2}% 390
\BOOKMARK [1][-]{section.28.3}{\376\377\000T\000e\000i\000l\000\040\0002\000\040}{chapter.28}% 391
\BOOKMARK [2][-]{subsection.28.3.1}{\376\377\000D\000e\000\040\000f\000i\000n\000i\000b\000u\000s\000\040\000b\000o\000n\000o\000r\000u\000m\000\040\000e\000t\000\040\000m\000a\000l\000o\000r\000u\000m\000\040}{section.28.3}% 392
\BOOKMARK [1][-]{section.28.4}{\376\377\000T\000e\000i\000l\000\040\0003\000\040}{chapter.28}% 393
\BOOKMARK [2][-]{subsection.28.4.1}{\376\377\000D\000e\000\040\000f\000i\000n\000i\000b\000u\000s\000\040\000b\000o\000n\000o\000r\000u\000m\000\040\000e\000t\000\040\000m\000a\000l\000o\000r\000u\000m\000\040}{section.28.4}% 394
\BOOKMARK [0][-]{chapter.29}{\376\377\000T\000h\000e\000m\000a}{part.2}% 395
\BOOKMARK [1][-]{section.29.1}{\376\377\000T\000e\000i\000l\000\040\0000}{chapter.29}% 396
\BOOKMARK [1][-]{section.29.2}{\376\377\000T\000e\000i\000l\000\040\0001\000\040}{chapter.29}% 397
\BOOKMARK [2][-]{subsection.29.2.1}{\376\377\000D\000e\000\040\000f\000i\000n\000i\000b\000u\000s\000\040\000b\000o\000n\000o\000r\000u\000m\000\040\000e\000t\000\040\000m\000a\000l\000o\000r\000u\000m\000\040}{section.29.2}% 398
\BOOKMARK [1][-]{section.29.3}{\376\377\000T\000e\000i\000l\000\040\0002\000\040}{chapter.29}% 399
\BOOKMARK [2][-]{subsection.29.3.1}{\376\377\000D\000e\000\040\000f\000i\000n\000i\000b\000u\000s\000\040\000b\000o\000n\000o\000r\000u\000m\000\040\000e\000t\000\040\000m\000a\000l\000o\000r\000u\000m\000\040}{section.29.3}% 400
\BOOKMARK [1][-]{section.29.4}{\376\377\000T\000e\000i\000l\000\040\0003\000\040}{chapter.29}% 401
\BOOKMARK [2][-]{subsection.29.4.1}{\376\377\000D\000e\000\040\000f\000i\000n\000i\000b\000u\000s\000\040\000b\000o\000n\000o\000r\000u\000m\000\040\000e\000t\000\040\000m\000a\000l\000o\000r\000u\000m\000\040}{section.29.4}% 402
\BOOKMARK [0][-]{chapter.30}{\376\377\000T\000h\000e\000m\000a}{part.2}% 403
\BOOKMARK [1][-]{section.30.1}{\376\377\000T\000e\000i\000l\000\040\0000}{chapter.30}% 404
\BOOKMARK [1][-]{section.30.2}{\376\377\000T\000e\000i\000l\000\040\0001\000\040}{chapter.30}% 405
\BOOKMARK [2][-]{subsection.30.2.1}{\376\377\000D\000e\000\040\000f\000i\000n\000i\000b\000u\000s\000\040\000b\000o\000n\000o\000r\000u\000m\000\040\000e\000t\000\040\000m\000a\000l\000o\000r\000u\000m\000\040}{section.30.2}% 406
\BOOKMARK [1][-]{section.30.3}{\376\377\000T\000e\000i\000l\000\040\0002\000\040}{chapter.30}% 407
\BOOKMARK [2][-]{subsection.30.3.1}{\376\377\000D\000e\000\040\000f\000i\000n\000i\000b\000u\000s\000\040\000b\000o\000n\000o\000r\000u\000m\000\040\000e\000t\000\040\000m\000a\000l\000o\000r\000u\000m\000\040}{section.30.3}% 408
\BOOKMARK [1][-]{section.30.4}{\376\377\000T\000e\000i\000l\000\040\0003\000\040}{chapter.30}% 409
\BOOKMARK [2][-]{subsection.30.4.1}{\376\377\000D\000e\000\040\000f\000i\000n\000i\000b\000u\000s\000\040\000b\000o\000n\000o\000r\000u\000m\000\040\000e\000t\000\040\000m\000a\000l\000o\000r\000u\000m\000\040}{section.30.4}% 410
\BOOKMARK [0][-]{chapter.31}{\376\377\000T\000h\000e\000m\000a}{part.2}% 411
\BOOKMARK [1][-]{section.31.1}{\376\377\000K\000l\000a\000s\000s\000i\000s\000c\000h\000e\000\040\000F\000i\000n\000i\000t\000e\000\040\000D\000i\000f\000f\000e\000r\000e\000n\000z\000e\000n\000m\000e\000t\000h\000o\000d\000e}{chapter.31}% 412
\BOOKMARK [2][-]{subsection.31.1.1}{\376\377\000D\000e\000r\000\040\000R\000e\000s\000t\000t\000e\000r\000m\000\040\000u\000n\000d\000\040\000s\000e\000i\000n\000e\000\040\000B\000e\000d\000e\000u\000t\000u\000n\000g}{section.31.1}% 413
\BOOKMARK [2][-]{subsection.31.1.2}{\376\377\000H\000e\000r\000l\000e\000i\000t\000u\000n\000g\000\040\000n\000u\000m\000e\000r\000i\000s\000c\000h\000e\000r\000\040\000A\000b\000l\000e\000i\000t\000u\000n\000g\000e\000n}{section.31.1}% 414
\BOOKMARK [2][-]{subsection.31.1.3}{\376\377\000F\000e\000h\000l\000e\000r\000a\000n\000a\000l\000y\000s\000e\000\040\000u\000n\000d\000\040\000I\000n\000t\000e\000r\000p\000r\000e\000t\000a\000t\000i\000o\000n\000\040\000d\000e\000r\000\040\000n\000u\000m\000e\000r\000i\000s\000c\000h\000e\000n\000\040\000E\000r\000g\000e\000b\000n\000i\000s\000s\000e}{section.31.1}% 415
\BOOKMARK [1][-]{section.31.2}{\376\377\000A\000u\000t\000o\000m\000a\000t\000i\000c\000\040\000D\000i\000f\000f\000e\000r\000e\000n\000t\000i\000a\000t\000i\000o\000n\000\040}{chapter.31}% 416
\BOOKMARK [2][-]{subsection.31.2.1}{\376\377\000H\000e\000r\000l\000e\000i\000t\000u\000n\000g\000\040\000d\000e\000r\000\040\000d\000u\000a\000l\000e\000n\000\040\000Z\000a\000h\000l\000\040\000u\000n\000d\000\040\000M\000o\000t\000i\000v\000a\000t\000i\000o\000n}{section.31.2}% 417
\BOOKMARK [2][-]{subsection.31.2.2}{\376\377\000A\000l\000g\000e\000b\000r\000a\000i\000s\000c\000h\000e\000\040\000H\000e\000r\000l\000e\000i\000t\000u\000n\000g\000\040\000d\000e\000r\000\040\000R\000e\000c\000h\000e\000n\000r\000e\000g\000e\000l\000n\000\040\000f\000\374\000r\000\040\000d\000u\000a\000l\000e\000\040\000Z\000a\000h\000l\000e\000n}{section.31.2}% 418
\BOOKMARK [2][-]{subsection.31.2.3}{\376\377\000D\000i\000e\000\040\000A\000n\000w\000e\000n\000d\000u\000n\000g\000\040\000d\000e\000r\000\040\000d\000u\000a\000l\000e\000n\000\040\000Z\000a\000h\000l\000e\000n\000\040\000a\000u\000f\000\040\000P\000o\000l\000y\000n\000o\000m\000e}{section.31.2}% 419
\BOOKMARK [2][-]{subsection.31.2.4}{\376\377\000A\000n\000w\000e\000n\000d\000u\000n\000g\000\040\000d\000e\000r\000\040\000d\000u\000a\000l\000e\000n\000\040\000Z\000a\000h\000l\000e\000n\000\040\000i\000n\000\040\000P\000y\000t\000h\000o\000n\000\040\000u\000n\000d\000\040\000V\000e\000r\000g\000l\000e\000i\000c\000h\000\040\000m\000i\000t\000\040\000d\000e\000r\000\040\000f\000i\000n\000i\000t\000e\000n\000\040\000D\000i\000f\000f\000e\000r\000e\000n\000z\000-\000M\000e\000t\000h\000o\000d\000e}{section.31.2}% 420
\BOOKMARK [1][-]{section.31.3}{\376\377\000C\000o\000m\000p\000l\000e\000x\000-\000S\000t\000e\000p\000-\000D\000i\000f\000f\000e\000r\000e\000n\000t\000i\000a\000t\000i\000o\000n}{chapter.31}% 421
\BOOKMARK [2][-]{subsection.31.3.1}{\376\377\000H\000e\000r\000l\000e\000i\000t\000u\000n\000g\000\040\000d\000e\000r\000\040\000M\000e\000t\000h\000o\000d\000e}{section.31.3}% 422
\BOOKMARK [2][-]{subsection.31.3.2}{\376\377\000A\000n\000w\000e\000n\000d\000u\000n\000g\000\040\000d\000e\000r\000\040\000C\000o\000m\000p\000l\000e\000x\000-\000S\000t\000e\000p\000\040\000M\000e\000t\000h\000o\000d\000e}{section.31.3}% 423
\BOOKMARK [2][-]{subsection.31.3.3}{\376\377\000I\000m\000p\000l\000e\000m\000e\000n\000t\000i\000e\000r\000u\000n\000g\000\040\000i\000n\000\040\000P\000y\000t\000h\000o\000n}{section.31.3}% 424
\BOOKMARK [2][-]{subsection.31.3.4}{\376\377\000E\000i\000n\000o\000r\000d\000n\000u\000n\000g\000\040\000d\000e\000r\000\040\000M\000e\000t\000h\000o\000d\000e}{section.31.3}% 425
\BOOKMARK [2][-]{subsection.31.3.5}{\376\377\000Z\000u\000s\000a\000m\000m\000e\000n\000f\000a\000s\000s\000u\000n\000g}{section.31.3}% 426
\BOOKMARK [0][-]{chapter.32}{\376\377\000T\000h\000e\000m\000a}{part.2}% 427
\BOOKMARK [1][-]{section.32.1}{\376\377\000T\000e\000i\000l\000\040\0000}{chapter.32}% 428
\BOOKMARK [1][-]{section.32.2}{\376\377\000T\000e\000i\000l\000\040\0001\000\040}{chapter.32}% 429
\BOOKMARK [2][-]{subsection.32.2.1}{\376\377\000D\000e\000\040\000f\000i\000n\000i\000b\000u\000s\000\040\000b\000o\000n\000o\000r\000u\000m\000\040\000e\000t\000\040\000m\000a\000l\000o\000r\000u\000m\000\040}{section.32.2}% 430
\BOOKMARK [1][-]{section.32.3}{\376\377\000T\000e\000i\000l\000\040\0002\000\040}{chapter.32}% 431
\BOOKMARK [2][-]{subsection.32.3.1}{\376\377\000D\000e\000\040\000f\000i\000n\000i\000b\000u\000s\000\040\000b\000o\000n\000o\000r\000u\000m\000\040\000e\000t\000\040\000m\000a\000l\000o\000r\000u\000m\000\040}{section.32.3}% 432
\BOOKMARK [1][-]{section.32.4}{\376\377\000T\000e\000i\000l\000\040\0003\000\040}{chapter.32}% 433
\BOOKMARK [2][-]{subsection.32.4.1}{\376\377\000D\000e\000\040\000f\000i\000n\000i\000b\000u\000s\000\040\000b\000o\000n\000o\000r\000u\000m\000\040\000e\000t\000\040\000m\000a\000l\000o\000r\000u\000m\000\040}{section.32.4}% 434
